0,0
10,2
20,10
30,22
40,39
50,61
60,88
70,120
80,156
90,198
100,244
110,295
120,351
130,412
140,478
150,548
160,624
170,704
180,789
190,878
200,973
210,1072
220,1176
230,1285
240,1398
250,1517
260,1640
270,1767
280,1900
290,2037
300,2179
310,2326
320,2477
330,2633
340,2794
350,2960
360,3130
370,3305
380,3484
390,3668
400,3857
410,4051
420,4249
430,4452
440,4659
450,4871
460,5088
470,5309
480,5535
490,5766
500,6001
510,6241
520,6485
530,6734
540,6987
550,7245
560,7508
570,7775
580,8047
590,8323
600,8603
610,8889
620,9179
630,9473
640,9772
650,10075
660,10383
670,10695
680,11012
690,11333
700,11659
710,11989
720,12324
730,12663
740,13007
750,13355
760,13707
770,14064
780,14425
790,14791
800,15161
810,15536
820,15915
830,16298
840,16686
850,17078
860,17474
870,17875
880,18280
890,18690
900,19103
910,19522
920,19944
930,20371
940,20802
950,21238
960,21678
970,22122
980,22570
990,23023
1000,23480
1010,23941
1020,24407
1030,24876
1040,25351
1050,25829
1060,26311
1070,26798
1080,27289
1090,27785
1100,28284
1110,28788
1120,29296
1130,29808
1140,30324
1150,30844
1160,31369
1170,31898
1180,32431
1190,32968
1200,33510
1210,34055
1220,34605
1230,35158
1240,35716
1250,36278
1260,36845
1270,37415
1280,37989
1290,38568
1300,39150
1310,39737
1320,40328
1330,40923
1340,41521
1350,42124
1360,42731
1370,43343
1380,43958
1390,44577
1400,45200
1410,45827
1420,46458
1430,47094
1440,47733
1450,48376
1460,49023
1470,49675
1480,50330
1490,50989
1500,51652
1510,52319
1520,52990
1530,53665
1540,54344
1550,55027
1560,55714
1570,56405
1580,57100
1590,57798
1600,58501
1610,59207
1620,59918
1630,60632
1640,61350
1650,62072
1660,62798
1670,63527
1680,64261
1690,64998
1700,65739
1710,66485
1720,67233
1730,67986
1740,68743
1750,69503
1760,70267
1770,71035
1780,71807
1790,72582
1800,73362
1810,74145
1820,74932
1830,75722
1840,76517
1850,77315
1860,78117
1870,78922
1880,79732
1890,80545
1900,81362
1910,82182
1920,83006
1930,83834
1940,84666
1950,85501
1960,86340
1970,87183
1980,88029
1990,88879
2000,89733
2010,90590
2020,91451
2030,92316
2040,93184
2050,94056
2060,94931
2070,95810
2080,96693
2090,97579
2100,98469
2110,99362
2120,100259
2130,101160
2140,102064
2150,102972
2160,103883
2170,104798
2180,105716
2190,106638
2200,107564
2210,108492
2220,109425
2230,110361
2240,111300
2250,112243
2260,113190
2270,114140
2280,115093
2290,116050
2300,117011
2310,117974
2320,118942
2330,119912
2340,120887
2350,121864
2360,122845
2370,123830
2380,124818
2390,125809
2400,126804
2410,127802
2420,128803
2430,129808
2440,130817
2450,131828
2460,132843
2470,133862
2480,134883
2490,135908
2500,136937
2510,137968
2520,139004
2530,140042
2540,141084
2550,142129
2560,143177
2570,144229
2580,145284
2590,146342
2600,147403
2610,148468
2620,149536
2630,150607
2640,151682
2650,152760
2660,153841
2670,154925
2680,156012
2690,157103
2700,158197
2710,159294
2720,160394
2730,161498
2740,162605
2750,163715
2760,164828
2770,165944
2780,167063
2790,168186
2800,169312
2810,170441
2820,171573
2830,172708
2840,173846
2850,174987
2860,176132
2870,177280
2880,178430
2890,179584
2900,180741
2910,181901
2920,183064
2930,184230
2940,185400
2950,186572
2960,187747
2970,188926
2980,190107
2990,191291
3000,192479
3010,193669
3020,194863
3030,196059
3040,197259
3050,198461
3060,199667
3070,200875
3080,202087
3090,203301
3100,204519
3110,205739
3120,206962
3130,208189
3140,209418
3150,210650
3160,211885
3170,213123
3180,214364
3190,215608
3200,216855
3210,218104
3220,219357
3230,220612
3240,221870
3250,223131
3260,224395
3270,225662
3280,226932
3290,228205
3300,229480
3310,230758
3320,232039
3330,233323
3340,234610
3350,235899
3360,237192
3370,238487
3380,239785
3390,241085
3400,242389
3410,243695
3420,245004
3430,246316
3440,247630
3450,248947
3460,250267
3470,251590
3480,252915
3490,254243
3500,255574
3510,256908
3520,258244
3530,259583
3540,260925
3550,262269
3560,263616
3570,264966
3580,266318
3590,267673
3600,269031
3610,270391
3620,271754
3630,273119
3640,274488
3650,275858
3660,277232
3670,278608
3680,279987
3690,281368
3700,282752
3710,284138
3720,285527
3730,286918
3740,288313
3750,289709
3760,291108
3770,292510
3780,293914
3790,295321
3800,296731
3810,298142
3820,299557
3830,300974
3840,302393
3850,303815
3860,305239
3870,306666
3880,308095
3890,309527
3900,310961
3910,312398
3920,313837
3930,315279
3940,316723
3950,318169
3960,319618
3970,321070
3980,322523
3990,323979
4000,325438
4010,326899
4020,328362
4030,329828
4040,331296
4050,332766
4060,334239
4070,335714
4080,337192
4090,338672
4100,340154
4110,341638
4120,343125
4130,344614
4140,346106
4150,347600
4160,349096
4170,350594
4180,352095
4190,353598
4200,355103
4210,356610
4220,358120
4230,359632
4240,361146
4250,362663
4260,364181
4270,365702
4280,367225
4290,368751
4300,370278
4310,371808
4320,373340
4330,374874
4340,376411
4350,377949
4360,379490
4370,381033
4380,382578
4390,384125
4400,385675
4410,387226
4420,388780
4430,390335
4440,391893
4450,393453
4460,395015
4470,396580
4480,398146
4490,399714
4500,401285
4510,402858
4520,404432
4530,406009
4540,407588
4550,409168
4560,410751
4570,412336
4580,413923
4590,415512
4600,417103
4610,418696
4620,420291
4630,421888
4640,423487
4650,425088
4660,426691
4670,428296
4680,429903
4690,431512
4700,433123
4710,434736
4720,436351
4730,437968
4740,439586
4750,441207
4760,442829
4770,444454
4780,446080
4790,447708
4800,449339
4810,450971
4820,452604
4830,454240
4840,455878
4850,457517
4860,459159
4870,460802
4880,462447
4890,464094
4900,465743
4910,467394
4920,469046
4930,470700
4940,472356
4950,474014
4960,475674
4970,477335
4980,478998
4990,480663
5000,482330
5010,483999
5020,485669
5030,487341
5040,489015
5050,490690
5060,492368
5070,494047
5080,495727
5090,497410
5100,499094
5110,500780
5120,502467
5130,504157
5140,505847
5150,507540
5160,509234
5170,510930
5180,512628
5190,514327
5200,516028
5210,517730
5220,519435
5230,521140
5240,522848
5250,524557
5260,526267
5270,527980
5280,529694
5290,531409
5300,533126
5310,534844
5320,536565
5330,538286
5340,540010
5350,541734
5360,543461
5370,545189
5380,546918
5390,548649
5400,550382
5410,552116
5420,553851
5430,555588
5440,557327
5450,559067
5460,560808
5470,562551
5480,564295
5490,566041
5500,567789
5510,569537
5520,571288
5530,573039
5540,574792
5550,576547
5560,578303
5570,580060
5580,581819
5590,583579
5600,585341
5610,587104
5620,588868
5630,590634
5640,592401
5650,594169
5660,595939
5670,597710
5680,599483
5690,601257
5700,603032
5710,604808
5720,606586
5730,608365
5740,610146
5750,611928
5760,613711
5770,615495
5780,617281
5790,619067
5800,620856
5810,622645
5820,624436
5830,626228
5840,628021
5850,629815
5860,631611
5870,633408
5880,635206
5890,637005
5900,638806
5910,640607
5920,642410
5930,644214
5940,646019
5950,647826
5960,649633
5970,651442
5980,653252
5990,655063
6000,656875
6010,658689
6020,660503
6030,662319
6040,664136
6050,665953
6060,667772
6070,669592
6080,671414
6090,673236
6100,675059
6110,676883
6120,678709
6130,680535
6140,682363
6150,684192
6160,686021
6170,687852
6180,689684
6190,691516
6200,693350
6210,695185
6220,697021
6230,698858
6240,700695
6250,702534
6260,704374
6270,706215
6280,708056
6290,709899
6300,711743
6310,713587
6320,715433
6330,717279
6340,719126
6350,720975
6360,722824
6370,724674
6380,726525
6390,728377
6400,730230
6410,732083
6420,733938
6430,735793
6440,737650
6450,739507
6460,741365
6470,743224
6480,745084
6490,746944
6500,748805
6510,750668
6520,752531
6530,754395
6540,756259
6550,758125
6560,759991
6570,761858
6580,763726
6590,765594
6600,767464
6610,769334
6620,771205
6630,773076
6640,774948
6650,776822
6660,778695
6670,780570
6680,782445
6690,784321
6700,786198
6710,788075
6720,789953
6730,791832
6740,793711
6750,795591
6760,797472
6770,799354
6780,801236
6790,803118
6800,805002
6810,806886
6820,808770
6830,810656
6840,812541
6850,814428
6860,816315
6870,818203
6880,820091
6890,821980
6900,823869
6910,825759
6920,827650
6930,829541
6940,831432
6950,833325
6960,835217
6970,837111
6980,839005
6990,840899
7000,842794
7010,844689
7020,846585
7030,848481
7040,850378
7050,852276
7060,854173
7070,856072
7080,857970
7090,859870
7100,861769
7110,863669
7120,865570
7130,867471
7140,869372
7150,871274
7160,873177
7170,875079
7180,876982
7190,878886
7200,880790
7210,882694
7220,884598
7230,886503
7240,888409
7250,890314
7260,892221
7270,894127
7280,896034
7290,897941
7300,899848
7310,901756
7320,903664
7330,905572
7340,907481
7350,909390
7360,911299
7370,913209
7380,915118
7390,917029
7400,918939
7410,920849
7420,922760
7430,924671
7440,926583
7450,928494
7460,930406
7470,932318
7480,934230
7490,936143
7500,938055
7510,939968
7520,941881
7530,943794
7540,945708
7550,947621
7560,949535
7570,951449
7580,953363
7590,955277
7600,957191
7610,959106
7620,961020
7630,962935
7640,964850
7650,966765
7660,968680
7670,970595
7680,972510
7690,974425
7700,976341
7710,978256
7720,980172
7730,982087
7740,984003
7750,985918
7760,987834
7770,989750
7780,991665
7790,993581
7800,995497
7810,997413
7820,999328
7830,1001244
7840,1003160
7850,1005076
7860,1006991
7870,1008907
7880,1010823
7890,1012738
7900,1014654
7910,1016569
7920,1018485
7930,1020400
7940,1022315
7950,1024231
7960,1026146
7970,1028061
7980,1029976
7990,1031891
8000,1033805
8010,1035720
8020,1037634
8030,1039549
8040,1041463
8050,1043377
8060,1045291
8070,1047204
8080,1049118
8090,1051031
8100,1052945
8110,1054858
8120,1056771
8130,1058683
8140,1060596
8150,1062508
8160,1064420
8170,1066332
8180,1068244
8190,1070155
8200,1072066
8210,1073977
8220,1075888
8230,1077798
8240,1079708
8250,1081618
8260,1083528
8270,1085437
8280,1087346
8290,1089255
8300,1091163
8310,1093071
8320,1094979
8330,1096886
8340,1098793
8350,1100700
8360,1102607
8370,1104513
8380,1106419
8390,1108324
8400,1110229
8410,1112134
8420,1114038
8430,1115942
8440,1117846
8450,1119749
8460,1121652
8470,1123554
8480,1125456
8490,1127357
8500,1129258
8510,1131159
8520,1133059
8530,1134959
8540,1136858
8550,1138757
8560,1140656
8570,1142553
8580,1144451
8590,1146348
8600,1148244
8610,1150140
8620,1152036
8630,1153931
8640,1155825
8650,1157719
8660,1159612
8670,1161505
8680,1163398
8690,1165289
8700,1167181
8710,1169071
8720,1170961
8730,1172851
8740,1174740
8750,1176628
8760,1178516
8770,1180403
8780,1182290
8790,1184176
8800,1186061
8810,1187946
8820,1189830
8830,1191714
8840,1193596
8850,1195479
8860,1197360
8870,1199241
8880,1201121
8890,1203001
8900,1204880
8910,1206758
8920,1208635
8930,1210512
8940,1212388
8950,1214264
8960,1216138
8970,1218012
8980,1219886
8990,1221758
9000,1223630
9010,1225501
9020,1227371
9030,1229240
9040,1231109
9050,1232977
9060,1234844
9070,1236711
9080,1238576
9090,1240441
9100,1242305
9110,1244168
9120,1246031
9130,1247892
9140,1249753
9150,1251613
9160,1253472
9170,1255330
9180,1257187
9190,1259044
9200,1260900
9210,1262754
9220,1264608
9230,1266461
9240,1268313
9250,1270164
9260,1272015
9270,1273864
9280,1275713
9290,1277560
9300,1279407
9310,1281252
9320,1283097
9330,1284941
9340,1286784
9350,1288626
9360,1290467
9370,1292307
9380,1294146
9390,1295984
9400,1297820
9410,1299656
9420,1301491
9430,1303325
9440,1305158
9450,1306990
9460,1308821
9470,1310651
9480,1312480
9490,1314308
9500,1316134
9510,1317960
9520,1319785
9530,1321608
9540,1323431
9550,1325252
9560,1327072
9570,1328891
9580,1330709
9590,1332526
9600,1334342
9610,1336157
9620,1337971
9630,1339783
9640,1341594
9650,1343404
9660,1345213
9670,1347021
9680,1348828
9690,1350633
9700,1352438
9710,1354241
9720,1356043
9730,1357844
9740,1359643
9750,1361441
9760,1363238
9770,1365034
9780,1366829
9790,1368622
9800,1370415
9810,1372206
9820,1373995
9830,1375784
9840,1377571
9850,1379357
9860,1381141
9870,1382924
9880,1384706
9890,1386487
9900,1388267
9910,1390045
9920,1391821
9930,1393597
9940,1395371
9950,1397144
9960,1398915
9970,1400685
9980,1402454
9990,1404221
10000,1405987
10010,1407752
10020,1409515
10030,1411277
10040,1413038
10050,1414797
10060,1416554
10070,1418310
10080,1420065
10090,1421819
10100,1423571
10110,1425321
10120,1427070
10130,1428818
10140,1430564
10150,1432309
10160,1434052
10170,1435794
10180,1437534
10190,1439273
10200,1441010
10210,1442746
10220,1444480
10230,1446213
10240,1447944
10250,1449674
10260,1451402
10270,1453129
10280,1454854
10290,1456578
10300,1458300
10310,1460020
10320,1461739
10330,1463456
10340,1465172
10350,1466886
10360,1468599
10370,1470310
10380,1472019
10390,1473727
10400,1475433
10410,1477137
10420,1478840
10430,1480541
10440,1482241
10450,1483939
10460,1485635
10470,1487330
10480,1489023
10490,1490714
10500,1492404
10510,1494091
10520,1495778
10530,1497462
10540,1499145
10550,1500826
10560,1502505
10570,1504183
10580,1505859
10590,1507533
10600,1509205
10610,1510876
10620,1512545
10630,1514212
10640,1515877
10650,1517541
10660,1519203
10670,1520863
10680,1522521
10690,1524177
10700,1525832
10710,1527485
10720,1529136
10730,1530785
10740,1532432
10750,1534078
10760,1535721
10770,1537363
10780,1539003
10790,1540641
10800,1542277
10810,1543911
10820,1545544
10830,1547174
10840,1548803
10850,1550430
10860,1552054
10870,1553677
10880,1555298
10890,1556917
10900,1558535
10910,1560150
10920,1561763
10930,1563374
10940,1564984
10950,1566591
10960,1568196
10970,1569800
10980,1571401
10990,1573001
11000,1574598
11010,1576193
11020,1577787
11030,1579378
11040,1580968
11050,1582555
11060,1584140
11070,1585724
11080,1587305
11090,1588884
11100,1590461
11110,1592036
11120,1593609
11130,1595180
11140,1596749
11150,1598316
11160,1599880
11170,1601443
11180,1603003
11190,1604562
11200,1606118
11210,1607672
11220,1609224
11230,1610774
11240,1612321
11250,1613867
11260,1615410
11270,1616951
11280,1618490
11290,1620027
11300,1621562
11310,1623094
11320,1624624
11330,1626152
11340,1627678
11350,1629202
11360,1630723
11370,1632242
11380,1633759
11390,1635274
11400,1636786
11410,1638297
11420,1639805
11430,1641310
11440,1642814
11450,1644315
11460,1645813
11470,1647310
11480,1648804
11490,1650296
11500,1651786
11510,1653273
11520,1654758
11530,1656241
11540,1657721
11550,1659199
11560,1660675
11570,1662148
11580,1663619
11590,1665087
11600,1666553
11610,1668017
11620,1669479
11630,1670938
11640,1672394
11650,1673848
11660,1675300
11670,1676750
11680,1678197
11690,1679641
11700,1681083
11710,1682523
11720,1683960
11730,1685395
11740,1686827
11750,1688257
11760,1689684
11770,1691109
11780,1692531
11790,1693951
11800,1695369
11810,1696783
11820,1698196
11830,1699606
11840,1701013
11850,1702418
11860,1703820
11870,1705220
11880,1706617
11890,1708012
11900,1709404
11910,1710793
11920,1712180
11930,1713564
11940,1714946
11950,1716325
11960,1717702
11970,1719076
11980,1720447
11990,1721816
12000,1723182
12010,1724545
12020,1725906
12030,1727264
12040,1728620
12050,1729973
12060,1731323
12070,1732670
12080,1734015
12090,1735357
12100,1736697
12110,1738034
12120,1739368
12130,1740699
12140,1742028
12150,1743354
12160,1744677
12170,1745998
12180,1747315
12190,1748630
12200,1749943
12210,1751252
12220,1752559
12230,1753863
12240,1755164
12250,1756463
12260,1757758
12270,1759051
12280,1760341
12290,1761628
12300,1762913
12310,1764194
12320,1765473
12330,1766749
12340,1768022
12350,1769293
12360,1770560
12370,1771825
12380,1773086
12390,1774345
12400,1775601
12410,1776854
12420,1778104
12430,1779352
12440,1780596
12450,1781837
12460,1783076
12470,1784312
12480,1785544
12490,1786774
12500,1788001
12510,1789225
12520,1790446
12530,1791664
12540,1792879
12550,1794091
12560,1795300
12570,1796506
12580,1797709
12590,1798909
12600,1800107
12610,1801301
12620,1802492
12630,1803680
12640,1804865
12650,1806047
12660,1807226
12670,1808402
12680,1809575
12690,1810745
12700,1811911
12710,1813075
12720,1814236
12730,1815393
12740,1816548
12750,1817699
12760,1818847
12770,1819992
12780,1821135
12790,1822273
12800,1823409
12810,1824542
12820,1825671
12830,1826798
12840,1827921
12850,1829041
12860,1830158
12870,1831272
12880,1832382
12890,1833490
12900,1834594
12910,1835695
12920,1836792
12930,1837887
12940,1838978
12950,1840066
12960,1841151
12970,1842233
12980,1843311
12990,1844387
13000,1845459
13010,1846527
13020,1847593
13030,1848655
13040,1849714
13050,1850769
13060,1851822
13070,1852870
13080,1853916
13090,1854959
13100,1855998
13110,1857033
13120,1858066
13130,1859095
13140,1860121
13150,1861143
13160,1862162
13170,1863178
13180,1864190
13190,1865199
13200,1866204
13210,1867207
13220,1868205
13230,1869201
13240,1870193
13250,1871181
13260,1872167
13270,1873148
13280,1874127
13290,1875101
13300,1876073
13310,1877041
13320,1878005
13330,1878967
13340,1879924
13350,1880878
13360,1881829
13370,1882776
13380,1883720
13390,1884660
13400,1885597
13410,1886530
13420,1887459
13430,1888386
13440,1889308
13450,1890227
13460,1891143
13470,1892055
13480,1892963
13490,1893868
13500,1894769
13510,1895667
13520,1896561
13530,1897452
13540,1898339
13550,1899222
13560,1900102
13570,1900978
13580,1901851
13590,1902720
13600,1903585
13610,1904447
13620,1905305
13630,1906159
13640,1907010
13650,1907857
13660,1908700
13670,1909540
13680,1910376
13690,1911208
13700,1912037
13710,1912862
13720,1913683
13730,1914501
13740,1915314
13750,1916124
13760,1916931
13770,1917733
13780,1918532
13790,1919328
13800,1920119
13810,1920907
13820,1921690
13830,1922470
13840,1923247
13850,1924019
13860,1924788
13870,1925553
13880,1926314
13890,1927071
13900,1927825
13910,1928575
13920,1929320
13930,1930062
13940,1930801
13950,1931535
13960,1932265
13970,1932992
13980,1933715
13990,1934434
14000,1935149
14010,1935860
14020,1936567
14030,1937270
14040,1937969
14050,1938665
14060,1939357
14070,1940044
14080,1940728
14090,1941408
14100,1942083
14110,1942755
14120,1943423
14130,1944087
14140,1944747
14150,1945403
14160,1946055
14170,1946703
14180,1947347
14190,1947987
14200,1948623
14210,1949255
14220,1949883
14230,1950507
14240,1951127
14250,1951743
14260,1952355
14270,1952963
14280,1953567
14290,1954167
14300,1954762
14310,1955354
14320,1955941
14330,1956525
14340,1957104
14350,1957679
14360,1958250
14370,1958817
14380,1959380
14390,1959939
14400,1960493
14410,1961044
14420,1961590
14430,1962132
14440,1962670
14450,1963204
14460,1963734
14470,1964259
14480,1964781
14490,1965298
14500,1965811
14510,1966320
14520,1966824
14530,1967324
14540,1967821
14550,1968312
14560,1968800
14570,1969284
14580,1969763
14590,1970238
14600,1970708
14610,1971175
14620,1971637
14630,1972095
14640,1972548
14650,1972997
14660,1973442
14670,1973883
14680,1974319
14690,1974752
14700,1975179
14710,1975603
14720,1976022
14730,1976437
14740,1976847
14750,1977253
14760,1977655
14770,1978052
14780,1978445
14790,1978834
14800,1979218
14810,1979597
14820,1979973
14830,1980344
14840,1980711
14850,1981073
14860,1981430
14870,1981784
14880,1982133
14890,1982477
14900,1982817
14910,1983153
14920,1983484
14930,1983811
14940,1984133
14950,1984450
14960,1984764
14970,1985072
14980,1985377
14990,1985676
