0,0
10,3
20,13
30,30
40,53
50,83
60,120
70,163
80,212
90,269
100,332
110,401
120,477
130,560
140,649
150,745
160,847
170,956
180,1072
190,1194
200,1322
210,1457
220,1599
230,1747
240,1901
250,2062
260,2230
270,2404
280,2585
290,2772
300,2965
310,3165
320,3372
330,3585
340,3804
350,4030
360,4262
370,4500
380,4746
390,4997
400,5255
410,5519
420,5790
430,6067
440,6350
450,6640
460,6936
470,7239
480,7548
490,7863
500,8185
510,8512
520,8847
530,9187
540,9534
550,9887
560,10247
570,10613
580,10985
590,11363
600,11748
610,12139
620,12536
630,12940
640,13349
650,13765
660,14188
670,14616
680,15051
690,15492
700,15939
710,16392
720,16852
730,17318
740,17790
750,18268
760,18752
770,19243
780,19740
790,20242
800,20751
810,21267
820,21788
830,22315
840,22849
850,23389
860,23934
870,24486
880,25044
890,25608
900,26179
910,26755
920,27337
930,27926
940,28520
950,29121
960,29728
970,30340
980,30959
990,31584
1000,32215
1010,32852
1020,33494
1030,34143
1040,34798
1050,35459
1060,36126
1070,36799
1080,37478
1090,38162
1100,38853
1110,39550
1120,40253
1130,40961
1140,41676
1150,42396
1160,43123
1170,43855
1180,44593
1190,45338
1200,46088
1210,46844
1220,47606
1230,48373
1240,49147
1250,49927
1260,50712
1270,51503
1280,52300
1290,53103
1300,53912
1310,54727
1320,55547
1330,56374
1340,57206
1350,58044
1360,58887
1370,59737
1380,60592
1390,61453
1400,62320
1410,63193
1420,64071
1430,64956
1440,65845
1450,66741
1460,67643
1470,68550
1480,69463
1490,70381
1500,71306
1510,72236
1520,73171
1530,74113
1540,75060
1550,76013
1560,76971
1570,77936
1580,78905
1590,79881
1600,80862
1610,81849
1620,82841
1630,83839
1640,84843
1650,85852
1660,86867
1670,87888
1680,88914
1690,89946
1700,90983
1710,92026
1720,93075
1730,94129
1740,95188
1750,96254
1760,97324
1770,98401
1780,99482
1790,100570
1800,101663
1810,102761
1820,103865
1830,104975
1840,106090
1850,107210
1860,108336
1870,109467
1880,110604
1890,111747
1900,112895
1910,114048
1920,115207
1930,116371
1940,117540
1950,118716
1960,119896
1970,121082
1980,122273
1990,123470
2000,124672
2010,125880
2020,127093
2030,128311
2040,129535
2050,130764
2060,131998
2070,133238
2080,134483
2090,135734
2100,136990
2110,138251
2120,139517
2130,140789
2140,142066
2150,143349
2160,144636
2170,145929
2180,147228
2190,148531
2200,149840
2210,151154
2220,152474
2230,153798
2240,155128
2250,156464
2260,157804
2270,159150
2280,160501
2290,161857
2300,163218
2310,164584
2320,165956
2330,167333
2340,168715
2350,170103
2360,171495
2370,172893
2380,174295
2390,175703
2400,177116
2410,178535
2420,179958
2430,181387
2440,182820
2450,184259
2460,185703
2470,187152
2480,188606
2490,190065
2500,191530
2510,192999
2520,194473
2530,195953
2540,197437
2550,198927
2560,200422
2570,201921
2580,203426
2590,204936
2600,206451
2610,207971
2620,209495
2630,211025
2640,212560
2650,214100
2660,215645
2670,217195
2680,218750
2690,220309
2700,221874
2710,223444
2720,225018
2730,226598
2740,228182
2750,229772
2760,231366
2770,232966
2780,234570
2790,236179
2800,237793
2810,239412
2820,241036
2830,242664
2840,244298
2850,245936
2860,247580
2870,249228
2880,250881
2890,252538
2900,254201
2910,255869
2920,257541
2930,259218
2940,260900
2950,262587
2960,264278
2970,265975
2980,267676
2990,269382
3000,271093
3010,272808
3020,274528
3030,276253
3040,277983
3050,279717
3060,281457
3070,283201
3080,284949
3090,286703
3100,288461
3110,290224
3120,291991
3130,293763
3140,295540
3150,297322
3160,299108
3170,300899
3180,302694
3190,304495
3200,306299
3210,308109
3220,309923
3230,311742
3240,313565
3250,315393
3260,317226
3270,319063
3280,320905
3290,322751
3300,324602
3310,326458
3320,328318
3330,330183
3340,332052
3350,333926
3360,335805
3370,337687
3380,339575
3390,341467
3400,343364
3410,345265
3420,347170
3430,349080
3440,350995
3450,352914
3460,354837
3470,356765
3480,358698
3490,360635
3500,362576
3510,364522
3520,366472
3530,368427
3540,370386
3550,372350
3560,374318
3570,376291
3580,378267
3590,380249
3600,382234
3610,384224
3620,386219
3630,388218
3640,390221
3650,392229
3660,394240
3670,396257
3680,398277
3690,400302
3700,402332
3710,404365
3720,406403
3730,408446
3740,410492
3750,412543
3760,414598
3770,416658
3780,418721
3790,420789
3800,422862
3810,424938
3820,427019
3830,429104
3840,431194
3850,433287
3860,435385
3870,437487
3880,439593
3890,441704
3900,443819
3910,445937
3920,448061
3930,450188
3940,452319
3950,454455
3960,456595
3970,458739
3980,460887
3990,463039
4000,465196
4010,467356
4020,469521
4030,471690
4040,473863
4050,476040
4060,478221
4070,480406
4080,482596
4090,484789
4100,486987
4110,489188
4120,491394
4130,493604
4140,495818
4150,498036
4160,500257
4170,502483
4180,504713
4190,506947
4200,509186
4210,511428
4220,513674
4230,515924
4240,518178
4250,520436
4260,522698
4270,524964
4280,527234
4290,529508
4300,531786
4310,534068
4320,536353
4330,538643
4340,540937
4350,543235
4360,545536
4370,547842
4380,550151
4390,552464
4400,554781
4410,557102
4420,559427
4430,561756
4440,564089
4450,566425
4460,568766
4470,571110
4480,573458
4490,575810
4500,578166
4510,580525
4520,582889
4530,585256
4540,587627
4550,590002
4560,592380
4570,594763
4580,597149
4590,599539
4600,601933
4610,604330
4620,606731
4630,609136
4640,611545
4650,613958
4660,616374
4670,618794
4680,621218
4690,623645
4700,626076
4710,628511
4720,630949
4730,633392
4740,635837
4750,638287
4760,640740
4770,643197
4780,645658
4790,648122
4800,650590
4810,653061
4820,655536
4830,658015
4840,660497
4850,662983
4860,665473
4870,667966
4880,670462
4890,672963
4900,675467
4910,677974
4920,680485
4930,683000
4940,685518
4950,688040
4960,690565
4970,693094
4980,695626
4990,698162
5000,700701
5010,703244
5020,705791
5030,708341
5040,710894
5050,713451
5060,716011
5070,718575
5080,721142
5090,723713
5100,726287
5110,728865
5120,731446
5130,734031
5140,736619
5150,739210
5160,741805
5170,744403
5180,747005
5190,749610
5200,752218
5210,754830
5220,757445
5230,760064
5240,762686
5250,765311
5260,767940
5270,770572
5280,773207
5290,775846
5300,778488
5310,781133
5320,783782
5330,786434
5340,789089
5350,791748
5360,794410
5370,797075
5380,799743
5390,802415
5400,805090
5410,807768
5420,810450
5430,813134
5440,815822
5450,818514
5460,821208
5470,823906
5480,826607
5490,829311
5500,832018
5510,834728
5520,837442
5530,840159
5540,842879
5550,845602
5560,848329
5570,851058
5580,853791
5590,856527
5600,859266
5610,862008
5620,864753
5630,867502
5640,870253
5650,873008
5660,875765
5670,878526
5680,881290
5690,884057
5700,886827
5710,889600
5720,892377
5730,895156
5740,897938
5750,900724
5760,903512
5770,906303
5780,909098
5790,911895
5800,914696
5810,917500
5820,920306
5830,923116
5840,925928
5850,928744
5860,931562
5870,934384
5880,937208
5890,940035
5900,942866
5910,945699
5920,948535
5930,951374
5940,954216
5950,957061
5960,959909
5970,962760
5980,965614
5990,968471
6000,971330
6010,974193
6020,977058
6030,979926
6040,982797
6050,985671
6060,988548
6070,991427
6080,994310
6090,997195
6100,1000083
6110,1002974
6120,1005868
6130,1008764
6140,1011663
6150,1014566
6160,1017470
6170,1020378
6180,1023289
6190,1026202
6200,1029118
6210,1032037
6220,1034958
6230,1037883
6240,1040810
6250,1043739
6260,1046672
6270,1049607
6280,1052545
6290,1055485
6300,1058429
6310,1061375
6320,1064324
6330,1067275
6340,1070229
6350,1073186
6360,1076145
6370,1079107
6380,1082072
6390,1085039
6400,1088009
6410,1090982
6420,1093957
6430,1096935
6440,1099915
6450,1102899
6460,1105884
6470,1108873
6480,1111863
6490,1114857
6500,1117853
6510,1120852
6520,1123853
6530,1126857
6540,1129863
6550,1132872
6560,1135883
6570,1138897
6580,1141913
6590,1144932
6600,1147954
6610,1150978
6620,1154004
6630,1157033
6640,1160065
6650,1163099
6660,1166135
6670,1169174
6680,1172215
6690,1175259
6700,1178305
6710,1181354
6720,1184405
6730,1187459
6740,1190515
6750,1193573
6760,1196634
6770,1199697
6780,1202763
6790,1205831
6800,1208901
6810,1211974
6820,1215049
6830,1218127
6840,1221207
6850,1224289
6860,1227374
6870,1230461
6880,1233550
6890,1236641
6900,1239735
6910,1242832
6920,1245930
6930,1249031
6940,1252134
6950,1255240
6960,1258348
6970,1261458
6980,1264570
6990,1267685
7000,1270802
7010,1273921
7020,1277042
7030,1280166
7040,1283292
7050,1286420
7060,1289550
7070,1292682
7080,1295817
7090,1298954
7100,1302093
7110,1305235
7120,1308378
7130,1311524
7140,1314672
7150,1317822
7160,1320974
7170,1324128
7180,1327285
7190,1330444
7200,1333604
7210,1336767
7220,1339932
7230,1343099
7240,1346269
7250,1349440
7260,1352614
7270,1355789
7280,1358967
7290,1362147
7300,1365328
7310,1368512
7320,1371698
7330,1374886
7340,1378076
7350,1381268
7360,1384463
7370,1387659
7380,1390857
7390,1394057
7400,1397259
7410,1400464
7420,1403670
7430,1406878
7440,1410088
7450,1413300
7460,1416515
7470,1419731
7480,1422949
7490,1426169
7500,1429391
7510,1432615
7520,1435841
7530,1439068
7540,1442298
7550,1445530
7560,1448763
7570,1451999
7580,1455236
7590,1458475
7600,1461716
7610,1464959
7620,1468204
7630,1471451
7640,1474700
7650,1477950
7660,1481202
7670,1484457
7680,1487713
7690,1490970
7700,1494230
7710,1497492
7720,1500755
7730,1504020
7740,1507287
7750,1510555
7760,1513826
7770,1517098
7780,1520372
7790,1523648
7800,1526925
7810,1530205
7820,1533486
7830,1536768
7840,1540053
7850,1543339
7860,1546627
7870,1549917
7880,1553208
7890,1556501
7900,1559796
7910,1563092
7920,1566391
7930,1569690
7940,1572992
7950,1576295
7960,1579600
7970,1582906
7980,1586215
7990,1589524
8000,1592836
8010,1596149
8020,1599463
8030,1602780
8040,1606098
8050,1609417
8060,1612738
8070,1616061
8080,1619385
8090,1622711
8100,1626038
8110,1629367
8120,1632698
8130,1636030
8140,1639364
8150,1642699
8160,1646035
8170,1649374
8180,1652713
8190,1656055
8200,1659397
8210,1662742
8220,1666088
8230,1669435
8240,1672784
8250,1676134
8260,1679486
8270,1682839
8280,1686193
8290,1689549
8300,1692907
8310,1696266
8320,1699626
8330,1702988
8340,1706351
8350,1709716
8360,1713082
8370,1716450
8380,1719818
8390,1723189
8400,1726560
8410,1729933
8420,1733308
8430,1736683
8440,1740061
8450,1743439
8460,1746819
8470,1750200
8480,1753582
8490,1756966
8500,1760351
8510,1763738
8520,1767126
8530,1770515
8540,1773905
8550,1777297
8560,1780690
8570,1784084
8580,1787479
8590,1790876
8600,1794274
8610,1797673
8620,1801074
8630,1804475
8640,1807878
8650,1811283
8660,1814688
8670,1818095
8680,1821502
8690,1824911
8700,1828322
8710,1831733
8720,1835146
8730,1838559
8740,1841974
8750,1845390
8760,1848808
8770,1852226
8780,1855646
8790,1859066
8800,1862488
8810,1865911
8820,1869335
8830,1872760
8840,1876187
8850,1879614
8860,1883043
8870,1886472
8880,1889903
8890,1893335
8900,1896767
8910,1900201
8920,1903636
8930,1907072
8940,1910509
8950,1913947
8960,1917386
8970,1920826
8980,1924267
8990,1927710
9000,1931153
9010,1934597
9020,1938042
9030,1941488
9040,1944935
9050,1948383
9060,1951832
9070,1955282
9080,1958733
9090,1962185
9100,1965638
9110,1969092
9120,1972547
9130,1976002
9140,1979459
9150,1982917
9160,1986375
9170,1989834
9180,1993294
9190,1996755
9200,2000217
9210,2003680
9220,2007144
9230,2010609
9240,2014074
9250,2017540
9260,2021007
9270,2024475
9280,2027944
9290,2031414
9300,2034884
9310,2038355
9320,2041827
9330,2045300
9340,2048774
9350,2052248
9360,2055724
9370,2059199
9380,2062676
9390,2066154
9400,2069632
9410,2073111
9420,2076591
9430,2080071
9440,2083552
9450,2087034
9460,2090517
9470,2094000
9480,2097485
9490,2100969
9500,2104455
9510,2107941
9520,2111428
9530,2114915
9540,2118403
9550,2121892
9560,2125382
9570,2128872
9580,2132363
9590,2135854
9600,2139346
9610,2142839
9620,2146332
9630,2149826
9640,2153321
9650,2156816
9660,2160311
9670,2163808
9680,2167305
9690,2170802
9700,2174300
9710,2177799
9720,2181298
9730,2184797
9740,2188298
9750,2191798
9760,2195300
9770,2198801
9780,2202304
9790,2205806
9800,2209310
9810,2212814
9820,2216318
9830,2219823
9840,2223328
9850,2226834
9860,2230340
9870,2233847
9880,2237354
9890,2240861
9900,2244369
9910,2247878
9920,2251387
9930,2254896
9940,2258406
9950,2261916
9960,2265426
9970,2268937
9980,2272449
9990,2275960
10000,2279473
10010,2282985
10020,2286498
10030,2290011
10040,2293525
10050,2297038
10060,2300553
10070,2304067
10080,2307582
10090,2311097
10100,2314613
10110,2318129
10120,2321645
10130,2325161
10140,2328678
10150,2332195
10160,2335712
10170,2339230
10180,2342748
10190,2346266
10200,2349784
10210,2353303
10220,2356822
10230,2360341
10240,2363860
10250,2367379
10260,2370899
10270,2374419
10280,2377939
10290,2381460
10300,2384980
10310,2388501
10320,2392022
10330,2395543
10340,2399064
10350,2402585
10360,2406107
10370,2409629
10380,2413150
10390,2416672
10400,2420195
10410,2423717
10420,2427239
10430,2430761
10440,2434284
10450,2437807
10460,2441329
10470,2444852
10480,2448375
10490,2451898
10500,2455421
10510,2458944
10520,2462467
10530,2465990
10540,2469514
10550,2473037
10560,2476560
10570,2480083
10580,2483607
10590,2487130
10600,2490653
10610,2494177
10620,2497700
10630,2501223
10640,2504746
10650,2508270
10660,2511793
10670,2515316
10680,2518839
10690,2522362
10700,2525885
10710,2529408
10720,2532931
10730,2536454
10740,2539976
10750,2543499
10760,2547021
10770,2550544
10780,2554066
10790,2557588
10800,2561110
10810,2564632
10820,2568154
10830,2571675
10840,2575197
10850,2578718
10860,2582239
10870,2585760
10880,2589281
10890,2592802
10900,2596322
10910,2599843
10920,2603363
10930,2606882
10940,2610402
10950,2613922
10960,2617441
10970,2620960
10980,2624478
10990,2627997
11000,2631515
11010,2635033
11020,2638551
11030,2642068
11040,2645585
11050,2649102
11060,2652619
11070,2656135
11080,2659651
11090,2663167
11100,2666682
11110,2670197
11120,2673712
11130,2677227
11140,2680741
11150,2684254
11160,2687768
11170,2691281
11180,2694793
11190,2698306
11200,2701818
11210,2705329
11220,2708840
11230,2712351
11240,2715862
11250,2719371
11260,2722881
11270,2726390
11280,2729899
11290,2733407
11300,2736915
11310,2740422
11320,2743929
11330,2747436
11340,2750942
11350,2754447
11360,2757952
11370,2761457
11380,2764961
11390,2768465
11400,2771968
11410,2775470
11420,2778972
11430,2782474
11440,2785975
11450,2789476
11460,2792976
11470,2796475
11480,2799974
11490,2803472
11500,2806970
11510,2810467
11520,2813964
11530,2817460
11540,2820955
11550,2824450
11560,2827944
11570,2831438
11580,2834931
11590,2838423
11600,2841915
11610,2845406
11620,2848897
11630,2852387
11640,2855876
11650,2859364
11660,2862852
11670,2866339
11680,2869826
11690,2873312
11700,2876797
11710,2880281
11720,2883765
11730,2887248
11740,2890731
11750,2894212
11760,2897693
11770,2901173
11780,2904653
11790,2908131
11800,2911609
11810,2915087
11820,2918563
11830,2922039
11840,2925513
11850,2928988
11860,2932461
11870,2935933
11880,2939405
11890,2942876
11900,2946346
11910,2949815
11920,2953284
11930,2956751
11940,2960218
11950,2963684
11960,2967149
11970,2970613
11980,2974076
11990,2977539
12000,2981000
12010,2984461
12020,2987921
12030,2991380
12040,2994838
12050,2998295
12060,3001751
12070,3005206
12080,3008661
12090,3012114
12100,3015567
12110,3019018
12120,3022469
12130,3025918
12140,3029367
12150,3032815
12160,3036261
12170,3039707
12180,3043152
12190,3046595
12200,3050038
12210,3053480
12220,3056920
12230,3060360
12240,3063799
12250,3067236
12260,3070673
12270,3074108
12280,3077543
12290,3080976
12300,3084409
12310,3087840
12320,3091270
12330,3094699
12340,3098127
12350,3101554
12360,3104980
12370,3108404
12380,3111828
12390,3115251
12400,3118672
12410,3122092
12420,3125511
12430,3128929
12440,3132346
12450,3135761
12460,3139176
12470,3142589
12480,3146001
12490,3149412
12500,3152822
12510,3156230
12520,3159637
12530,3163044
12540,3166448
12550,3169852
12560,3173254
12570,3176656
12580,3180056
12590,3183454
12600,3186852
12610,3190248
12620,3193643
12630,3197036
12640,3200429
12650,3203820
12660,3207210
12670,3210598
12680,3213985
12690,3217371
12700,3220756
12710,3224139
12720,3227521
12730,3230901
12740,3234281
12750,3237658
12760,3241035
12770,3244410
12780,3247784
12790,3251156
12800,3254527
12810,3257897
12820,3261265
12830,3264632
12840,3267998
12850,3271362
12860,3274724
12870,3278085
12880,3281445
12890,3284804
12900,3288160
12910,3291516
12920,3294870
12930,3298222
12940,3301573
12950,3304923
12960,3308271
12970,3311618
12980,3314963
12990,3318306
13000,3321649
13010,3324989
13020,3328328
13030,3331666
13040,3335002
13050,3338336
13060,3341669
13070,3345001
13080,3348331
13090,3351659
13100,3354986
13110,3358311
13120,3361634
13130,3364956
13140,3368277
13150,3371595
13160,3374913
13170,3378228
13180,3381542
13190,3384854
13200,3388165
13210,3391474
13220,3394782
13230,3398087
13240,3401391
13250,3404694
13260,3407995
13270,3411294
13280,3414591
13290,3417887
13300,3421181
13310,3424473
13320,3427764
13330,3431053
13340,3434340
13350,3437625
13360,3440909
13370,3444191
13380,3447471
13390,3450750
13400,3454027
13410,3457302
13420,3460575
13430,3463846
13440,3467116
13450,3470384
13460,3473650
13470,3476914
13480,3480177
13490,3483437
13500,3486696
13510,3489953
13520,3493208
13530,3496462
13540,3499713
13550,3502963
13560,3506211
13570,3509457
13580,3512701
13590,3515943
13600,3519183
13610,3522422
13620,3525658
13630,3528893
13640,3532125
13650,3535356
13660,3538585
13670,3541812
13680,3545037
13690,3548260
13700,3551481
13710,3554700
13720,3557918
13730,3561133
13740,3564346
13750,3567557
13760,3570767
13770,3573974
13780,3577179
13790,3580383
13800,3583584
13810,3586783
13820,3589981
13830,3593176
13840,3596369
13850,3599560
13860,3602750
13870,3605937
13880,3609122
13890,3612305
13900,3615486
13910,3618664
13920,3621841
13930,3625016
13940,3628188
13950,3631359
13960,3634527
13970,3637694
13980,3640858
13990,3644020
14000,3647179
14010,3650337
14020,3653493
14030,3656646
14040,3659797
14050,3662947
14060,3666093
14070,3669238
14080,3672381
14090,3675521
14100,3678659
14110,3681795
14120,3684929
14130,3688061
14140,3691190
14150,3694317
14160,3697442
14170,3700565
14180,3703685
14190,3706803
14200,3709919
14210,3713033
14220,3716144
14230,3719253
14240,3722360
14250,3725464
14260,3728566
14270,3731666
14280,3734764
14290,3737859
14300,3740952
14310,3744043
14320,3747131
14330,3750217
14340,3753300
14350,3756382
14360,3759461
14370,3762537
14380,3765611
14390,3768683
14400,3771752
14410,3774819
14420,3777884
14430,3780946
14440,3784006
14450,3787063
14460,3790118
14470,3793171
14480,3796221
14490,3799268
14500,3802314
14510,3805356
14520,3808396
14530,3811434
14540,3814470
14550,3817502
14560,3820533
14570,3823561
14580,3826586
14590,3829609
14600,3832629
14610,3835647
14620,3838662
14630,3841675
14640,3844686
14650,3847693
14660,3850698
14670,3853701
14680,3856701
14690,3859699
14700,3862693
14710,3865686
14720,3868676
14730,3871663
14740,3874647
14750,3877629
14760,3880609
14770,3883585
14780,3886559
14790,3889531
14800,3892500
14810,3895466
14820,3898429
14830,3901390
14840,3904349
14850,3907304
14860,3910257
14870,3913207
14880,3916155
14890,3919100
14900,3922042
14910,3924981
14920,3927918
14930,3930852
14940,3933783
14950,3936712
14960,3939637
14970,3942561
14980,3945481
14990,3948398
15000,3951313
15010,3954225
15020,3957134
15030,3960041
15040,3962945
15050,3965846
15060,3968744
15070,3971639
15080,3974531
15090,3977421
15100,3980308
15110,3983192
15120,3986073
15130,3988951
15140,3991827
15150,3994700
15160,3997569
15170,4000436
15180,4003300
15190,4006161
15200,4009020
15210,4011875
15220,4014727
15230,4017577
15240,4020424
15250,4023267
15260,4026108
15270,4028946
15280,4031781
15290,4034613
15300,4037442
15310,4040268
15320,4043091
15330,4045911
15340,4048729
15350,4051543
15360,4054354
15370,4057162
15380,4059967
15390,4062770
15400,4065569
15410,4068365
15420,4071158
15430,4073948
15440,4076735
15450,4079519
15460,4082300
15470,4085078
15480,4087853
15490,4090625
15500,4093394
15510,4096159
15520,4098922
15530,4101681
15540,4104438
15550,4107191
15560,4109941
15570,4112688
15580,4115432
15590,4118173
15600,4120910
15610,4123645
15620,4126376
15630,4129104
15640,4131829
15650,4134551
15660,4137270
15670,4139985
15680,4142698
15690,4145407
15700,4148113
15710,4150815
15720,4153515
15730,4156211
15740,4158904
15750,4161594
15760,4164280
15770,4166964
15780,4169644
15790,4172320
15800,4174994
15810,4177664
15820,4180331
15830,4182995
15840,4185655
15850,4188313
15860,4190966
15870,4193617
15880,4196264
15890,4198908
15900,4201548
15910,4204186
15920,4206820
15930,4209450
15940,4212077
15950,4214701
15960,4217322
15970,4219939
15980,4222552
15990,4225163
16000,4227770
16010,4230373
16020,4232973
16030,4235570
16040,4238163
16050,4240753
16060,4243340
16070,4245923
16080,4248502
16090,4251079
16100,4253651
16110,4256221
16120,4258786
16130,4261349
16140,4263907
16150,4266463
16160,4269015
16170,4271563
16180,4274108
16190,4276649
16200,4279187
16210,4281721
16220,4284252
16230,4286779
16240,4289303
16250,4291823
16260,4294340
16270,4296853
16280,4299362
16290,4301868
16300,4304371
16310,4306869
16320,4309365
16330,4311856
16340,4314344
16350,4316829
16360,4319309
16370,4321786
16380,4324260
16390,4326730
16400,4329196
16410,4331659
16420,4334117
16430,4336573
16440,4339024
16450,4341472
16460,4343916
16470,4346357
16480,4348794
16490,4351227
16500,4353656
16510,4356082
16520,4358504
16530,4360923
16540,4363337
16550,4365748
16560,4368155
16570,4370558
16580,4372958
16590,4375354
16600,4377746
16610,4380134
16620,4382519
16630,4384900
16640,4387277
16650,4389650
16660,4392019
16670,4394385
16680,4396746
16690,4399104
16700,4401458
16710,4403809
16720,4406155
16730,4408498
16740,4410836
16750,4413171
16760,4415502
16770,4417829
16780,4420152
16790,4422472
16800,4424787
16810,4427099
16820,4429406
16830,4431710
16840,4434010
16850,4436306
16860,4438598
16870,4440886
16880,4443170
16890,4445450
16900,4447726
16910,4449998
16920,4452267
16930,4454531
16940,4456791
16950,4459047
16960,4461300
16970,4463548
16980,4465792
16990,4468033
17000,4470269
17010,4472501
17020,4474729
17030,4476954
17040,4479174
17050,4481390
17060,4483602
17070,4485810
17080,4488014
17090,4490214
17100,4492409
17110,4494601
17120,4496789
17130,4498972
17140,4501152
17150,4503327
17160,4505498
17170,4507665
17180,4509828
17190,4511987
17200,4514141
17210,4516292
17220,4518438
17230,4520580
17240,4522718
17250,4524852
17260,4526982
17270,4529107
17280,4531228
17290,4533345
17300,4535458
17310,4537567
17320,4539671
17330,4541771
17340,4543867
17350,4545959
17360,4548047
17370,4550130
17380,4552209
17390,4554283
17400,4556354
17410,4558420
17420,4560482
17430,4562540
17440,4564593
17450,4566642
17460,4568687
17470,4570727
17480,4572763
17490,4574795
17500,4576822
17510,4578845
17520,4580864
17530,4582878
17540,4584888
17550,4586894
17560,4588895
17570,4590892
17580,4592885
17590,4594873
17600,4596857
17610,4598836
17620,4600811
17630,4602781
17640,4604747
17650,4606709
17660,4608666
17670,4610619
17680,4612568
17690,4614512
17700,4616451
17710,4618386
17720,4620316
17730,4622243
17740,4624164
17750,4626081
17760,4627994
17770,4629902
17780,4631805
17790,4633704
17800,4635599
17810,4637489
17820,4639375
17830,4641255
17840,4643132
17850,4645004
17860,4646871
17870,4648734
17880,4650592
17890,4652445
17900,4654294
17910,4656139
17920,4657979
17930,4659814
17940,4661644
17950,4663470
17960,4665292
17970,4667109
17980,4668921
17990,4670728
18000,4672531
18010,4674329
18020,4676123
18030,4677912
18040,4679696
18050,4681475
18060,4683250
18070,4685020
18080,4686786
18090,4688546
18100,4690302
18110,4692054
18120,4693800
18130,4695542
18140,4697279
18150,4699012
18160,4700739
18170,4702462
18180,4704180
18190,4705894
18200,4707602
18210,4709306
18220,4711005
18230,4712699
18240,4714389
18250,4716074
18260,4717753
18270,4719428
18280,4721099
18290,4722764
18300,4724425
18310,4726080
18320,4727731
18330,4729377
18340,4731018
18350,4732654
18360,4734286
18370,4735912
18380,4737534
18390,4739151
18400,4740763
18410,4742370
18420,4743972
18430,4745569
18440,4747161
18450,4748748
18460,4750331
18470,4751908
18480,4753481
18490,4755048
18500,4756611
18510,4758168
18520,4759721
18530,4761268
18540,4762811
18550,4764349
18560,4765881
18570,4767409
18580,4768932
18590,4770449
18600,4771962
18610,4773469
18620,4774972
18630,4776470
18640,4777962
18650,4779449
18660,4780932
18670,4782409
18680,4783881
18690,4785348
18700,4786810
18710,4788267
18720,4789719
18730,4791166
18740,4792608
18750,4794044
18760,4795475
18770,4796902
18780,4798323
18790,4799739
18800,4801150
18810,4802555
18820,4803956
18830,4805351
18840,4806741
18850,4808126
18860,4809506
18870,4810881
18880,4812250
18890,4813615
18900,4814974
18910,4816327
18920,4817676
18930,4819019
18940,4820357
18950,4821690
18960,4823018
18970,4824340
18980,4825657
18990,4826969
19000,4828276
19010,4829577
19020,4830873
19030,4832164
19040,4833449
19050,4834729
19060,4836004
19070,4837274
19080,4838538
19090,4839797
19100,4841050
19110,4842298
19120,4843541
19130,4844778
19140,4846011
19150,4847237
19160,4848459
19170,4849675
19180,4850885
19190,4852090
19200,4853290
19210,4854484
19220,4855673
19230,4856857
19240,4858035
19250,4859208
19260,4860375
19270,4861537
19280,4862693
19290,4863844
19300,4864990
19310,4866130
19320,4867264
19330,4868393
19340,4869517
19350,4870635
19360,4871747
19370,4872854
19380,4873956
19390,4875052
19400,4876142
19410,4877227
19420,4878307
19430,4879380
19440,4880449
19450,4881512
19460,4882569
19470,4883620
19480,4884666
19490,4885707
19500,4886742
19510,4887771
19520,4888795
19530,4889813
19540,4890825
19550,4891832
19560,4892833
19570,4893829
19580,4894819
19590,4895803
19600,4896782
19610,4897755
19620,4898722
19630,4899684
19640,4900640
19650,4901590
19660,4902535
19670,4903474
19680,4904407
19690,4905335
19700,4906257
19710,4907173
19720,4908083
19730,4908988
19740,4909887
19750,4910780
19760,4911667
19770,4912549
19780,4913425
19790,4914295
19800,4915159
19810,4916018
19820,4916870
19830,4917717
19840,4918559
19850,4919394
19860,4920224
19870,4921047
19880,4921865
19890,4922677
19900,4923484
19910,4924284
19920,4925079
19930,4925867
19940,4926650
19950,4927427
19960,4928198
19970,4928963
19980,4929723
19990,4930476
