0,0
10,3
20,13
30,30
40,53
50,83
60,120
70,163
80,213
90,269
100,332
110,402
120,478
130,561
140,650
150,746
160,849
170,958
180,1074
190,1196
200,1325
210,1460
220,1602
230,1750
240,1905
250,2067
260,2235
270,2409
280,2590
290,2778
300,2971
310,3172
320,3379
330,3592
340,3812
350,4038
360,4271
370,4510
380,4755
390,5007
400,5266
410,5531
420,5802
430,6079
440,6363
450,6654
460,6951
470,7254
480,7563
490,7879
500,8202
510,8530
520,8865
530,9207
540,9554
550,9908
560,10268
570,10635
580,11008
590,11387
600,11773
610,12164
620,12563
630,12967
640,13378
650,13794
660,14218
670,14647
680,15083
690,15524
700,15973
710,16427
720,16888
730,17354
740,17827
750,18306
760,18792
770,19283
780,19781
790,20285
800,20795
810,21311
820,21834
830,22362
840,22897
850,23438
860,23985
870,24538
880,25097
890,25663
900,26234
910,26812
920,27395
930,27985
940,28581
950,29183
960,29791
970,30405
980,31025
990,31651
1000,32283
1010,32921
1020,33566
1030,34216
1040,34872
1050,35535
1060,36203
1070,36877
1080,37557
1090,38244
1100,38936
1110,39634
1120,40338
1130,41049
1140,41765
1150,42487
1160,43215
1170,43949
1180,44689
1190,45435
1200,46186
1210,46944
1220,47708
1230,48477
1240,49252
1250,50034
1260,50821
1270,51614
1280,52413
1290,53217
1300,54028
1310,54844
1320,55667
1330,56495
1340,57329
1350,58168
1360,59014
1370,59865
1380,60723
1390,61586
1400,62454
1410,63329
1420,64209
1430,65096
1440,65987
1450,66885
1460,67789
1470,68698
1480,69613
1490,70533
1500,71460
1510,72392
1520,73330
1530,74273
1540,75222
1550,76177
1560,77138
1570,78104
1580,79076
1590,80054
1600,81037
1610,82026
1620,83021
1630,84021
1640,85027
1650,86039
1660,87056
1670,88079
1680,89107
1690,90141
1700,91181
1710,92226
1720,93277
1730,94334
1740,95396
1750,96463
1760,97536
1770,98615
1780,99699
1790,100789
1800,101885
1810,102985
1820,104092
1830,105204
1840,106321
1850,107444
1860,108573
1870,109707
1880,110846
1890,111991
1900,113142
1910,114298
1920,115459
1930,116626
1940,117798
1950,118976
1960,120159
1970,121348
1980,122542
1990,123741
2000,124946
2010,126156
2020,127372
2030,128593
2040,129820
2050,131052
2060,132289
2070,133531
2080,134779
2090,136033
2100,137291
2110,138555
2120,139825
2130,141100
2140,142380
2150,143665
2160,144956
2170,146252
2180,147553
2190,148860
2200,150172
2210,151489
2220,152811
2230,154139
2240,155472
2250,156810
2260,158154
2270,159502
2280,160856
2290,162216
2300,163580
2310,164950
2320,166325
2330,167705
2340,169090
2350,170481
2360,171876
2370,173277
2380,174683
2390,176094
2400,177511
2410,178932
2420,180359
2430,181791
2440,183228
2450,184670
2460,186117
2470,187570
2480,189027
2490,190490
2500,191957
2510,193430
2520,194908
2530,196391
2540,197879
2550,199372
2560,200870
2570,202374
2580,203882
2590,205395
2600,206914
2610,208437
2620,209965
2630,211499
2640,213037
2650,214581
2660,216129
2670,217683
2680,219241
2690,220805
2700,222373
2710,223946
2720,225525
2730,227108
2740,228696
2750,230290
2760,231888
2770,233491
2780,235099
2790,236712
2800,238330
2810,239952
2820,241580
2830,243212
2840,244850
2850,246492
2860,248139
2870,249791
2880,251448
2890,253110
2900,254777
2910,256448
2920,258125
2930,259806
2940,261492
2950,263183
2960,264878
2970,266579
2980,268284
2990,269994
3000,271709
3010,273428
3020,275153
3030,276882
3040,278616
3050,280354
3060,282098
3070,283846
3080,285599
3090,287356
3100,289119
3110,290886
3120,292657
3130,294434
3140,296215
3150,298001
3160,299791
3170,301587
3180,303387
3190,305191
3200,307000
3210,308814
3220,310633
3230,312456
3240,314284
3250,316116
3260,317953
3270,319795
3280,321641
3290,323492
3300,325348
3310,327208
3320,329073
3330,330942
3340,332816
3350,334694
3360,336577
3370,338465
3380,340357
3390,342254
3400,344155
3410,346061
3420,347971
3430,349886
3440,351805
3450,353729
3460,355657
3470,357590
3480,359527
3490,361469
3500,363415
3510,365365
3520,367321
3530,369280
3540,371244
3550,373213
3560,375186
3570,377163
3580,379145
3590,381131
3600,383121
3610,385117
3620,387116
3630,389120
3640,391128
3650,393140
3660,395157
3670,397179
3680,399204
3690,401234
3700,403269
3710,405307
3720,407351
3730,409398
3740,411450
3750,413506
3760,415566
3770,417631
3780,419700
3790,421773
3800,423850
3810,425932
3820,428018
3830,430108
3840,432203
3850,434302
3860,436405
3870,438512
3880,440624
3890,442740
3900,444860
3910,446984
3920,449112
3930,451245
3940,453382
3950,455523
3960,457668
3970,459818
3980,461971
3990,464129
4000,466291
4010,468457
4020,470627
4030,472801
4040,474980
4050,477163
4060,479349
4070,481540
4080,483735
4090,485934
4100,488137
4110,490345
4120,492556
4130,494771
4140,496991
4150,499214
4160,501442
4170,503674
4180,505909
4190,508149
4200,510393
4210,512641
4220,514893
4230,517149
4240,519408
4250,521672
4260,523940
4270,526212
4280,528488
4290,530768
4300,533051
4310,535339
4320,537631
4330,539927
4340,542226
4350,544530
4360,546837
4370,549149
4380,551464
4390,553783
4400,556107
4410,558434
4420,560765
4430,563099
4440,565438
4450,567781
4460,570127
4470,572478
4480,574832
4490,577190
4500,579552
4510,581918
4520,584287
4530,586661
4540,589038
4550,591419
4560,593804
4570,596192
4580,598585
4590,600981
4600,603381
4610,605785
4620,608193
4630,610604
4640,613019
4650,615438
4660,617860
4670,620287
4680,622717
4690,625151
4700,627588
4710,630029
4720,632474
4730,634923
4740,637375
4750,639831
4760,642291
4770,644754
4780,647222
4790,649692
4800,652167
4810,654645
4820,657126
4830,659612
4840,662101
4850,664593
4860,667089
4870,669589
4880,672093
4890,674600
4900,677110
4910,679624
4920,682142
4930,684664
4940,687189
4950,689717
4960,692249
4970,694785
4980,697324
4990,699867
5000,702413
5010,704963
5020,707516
5030,710073
5040,712633
5050,715197
5060,717764
5070,720335
5080,722909
5090,725487
5100,728068
5110,730653
5120,733241
5130,735832
5140,738427
5150,741026
5160,743628
5170,746233
5180,748842
5190,751454
5200,754069
5210,756688
5220,759311
5230,761936
5240,764565
5250,767198
5260,769834
5270,772473
5280,775116
5290,777761
5300,780411
5310,783063
5320,785719
5330,788379
5340,791041
5350,793707
5360,796376
5370,799049
5380,801724
5390,804404
5400,807086
5410,809772
5420,812460
5430,815153
5440,817848
5450,820547
5460,823249
5470,825954
5480,828662
5490,831374
5500,834089
5510,836807
5520,839528
5530,842252
5540,844980
5550,847711
5560,850445
5570,853182
5580,855922
5590,858666
5600,861412
5610,864162
5620,866915
5630,869671
5640,872431
5650,875193
5660,877958
5670,880727
5680,883499
5690,886273
5700,889051
5710,891832
5720,894616
5730,897403
5740,900194
5750,902987
5760,905783
5770,908582
5780,911385
5790,914190
5800,916999
5810,919810
5820,922625
5830,925442
5840,928263
5850,931086
5860,933913
5870,936742
5880,939575
5890,942410
5900,945249
5910,948090
5920,950934
5930,953781
5940,956632
5950,959485
5960,962341
5970,965200
5980,968062
5990,970927
6000,973794
6010,976665
6020,979539
6030,982415
6040,985294
6050,988176
6060,991061
6070,993949
6080,996840
6090,999734
6100,1002630
6110,1005529
6120,1008431
6130,1011336
6140,1014244
6150,1017155
6160,1020068
6170,1022984
6180,1025903
6190,1028825
6200,1031749
6210,1034676
6220,1037607
6230,1040539
6240,1043475
6250,1046413
6260,1049354
6270,1052298
6280,1055244
6290,1058194
6300,1061146
6310,1064100
6320,1067058
6330,1070018
6340,1072980
6350,1075946
6360,1078914
6370,1081885
6380,1084858
6390,1087834
6400,1090813
6410,1093794
6420,1096778
6430,1099765
6440,1102754
6450,1105746
6460,1108741
6470,1111738
6480,1114738
6490,1117740
6500,1120745
6510,1123753
6520,1126763
6530,1129775
6540,1132791
6550,1135808
6560,1138829
6570,1141852
6580,1144877
6590,1147905
6600,1150936
6610,1153969
6620,1157004
6630,1160042
6640,1163083
6650,1166126
6660,1169171
6670,1172219
6680,1175270
6690,1178323
6700,1181378
6710,1184436
6720,1187496
6730,1190559
6740,1193624
6750,1196692
6760,1199762
6770,1202835
6780,1205909
6790,1208987
6800,1212066
6810,1215149
6820,1218233
6830,1221320
6840,1224409
6850,1227501
6860,1230595
6870,1233691
6880,1236790
6890,1239891
6900,1242994
6910,1246100
6920,1249208
6930,1252319
6940,1255431
6950,1258546
6960,1261664
6970,1264783
6980,1267905
6990,1271029
7000,1274156
7010,1277284
7020,1280415
7030,1283549
7040,1286684
7050,1289822
7060,1292962
7070,1296104
7080,1299248
7090,1302395
7100,1305544
7110,1308695
7120,1311848
7130,1315004
7140,1318161
7150,1321321
7160,1324483
7170,1327647
7180,1330814
7190,1333982
7200,1337153
7210,1340326
7220,1343501
7230,1346678
7240,1349857
7250,1353038
7260,1356222
7270,1359407
7280,1362595
7290,1365784
7300,1368976
7310,1372170
7320,1375366
7330,1378564
7340,1381764
7350,1384966
7360,1388171
7370,1391377
7380,1394585
7390,1397795
7400,1401008
7410,1404222
7420,1407439
7430,1410657
7440,1413877
7450,1417100
7460,1420324
7470,1423550
7480,1426779
7490,1430009
7500,1433241
7510,1436475
7520,1439712
7530,1442950
7540,1446190
7550,1449432
7560,1452676
7570,1455921
7580,1459169
7590,1462419
7600,1465670
7610,1468924
7620,1472179
7630,1475436
7640,1478695
7650,1481956
7660,1485219
7670,1488484
7680,1491750
7690,1495018
7700,1498289
7710,1501561
7720,1504834
7730,1508110
7740,1511388
7750,1514667
7760,1517948
7770,1521231
7780,1524515
7790,1527802
7800,1531090
7810,1534380
7820,1537672
7830,1540965
7840,1544260
7850,1547557
7860,1550856
7870,1554156
7880,1557459
7890,1560762
7900,1564068
7910,1567375
7920,1570684
7930,1573995
7940,1577307
7950,1580621
7960,1583937
7970,1587255
7980,1590574
7990,1593894
8000,1597217
8010,1600541
8020,1603866
8030,1607194
8040,1610522
8050,1613853
8060,1617185
8070,1620519
8080,1623854
8090,1627191
8100,1630529
8110,1633870
8120,1637211
8130,1640554
8140,1643899
8150,1647245
8160,1650593
8170,1653943
8180,1657294
8190,1660646
8200,1664000
8210,1667356
8220,1670713
8230,1674071
8240,1677431
8250,1680793
8260,1684156
8270,1687520
8280,1690886
8290,1694254
8300,1697623
8310,1700993
8320,1704365
8330,1707738
8340,1711113
8350,1714489
8360,1717866
8370,1721245
8380,1724625
8390,1728007
8400,1731390
8410,1734775
8420,1738161
8430,1741548
8440,1744937
8450,1748327
8460,1751718
8470,1755111
8480,1758505
8490,1761900
8500,1765297
8510,1768695
8520,1772095
8530,1775495
8540,1778897
8550,1782301
8560,1785705
8570,1789111
8580,1792518
8590,1795927
8600,1799337
8610,1802748
8620,1806160
8630,1809573
8640,1812988
8650,1816404
8660,1819822
8670,1823240
8680,1826660
8690,1830081
8700,1833503
8710,1836926
8720,1840351
8730,1843776
8740,1847203
8750,1850631
8760,1854061
8770,1857491
8780,1860923
8790,1864355
8800,1867789
8810,1871224
8820,1874660
8830,1878098
8840,1881536
8850,1884975
8860,1888416
8870,1891858
8880,1895301
8890,1898744
8900,1902189
8910,1905635
8920,1909083
8930,1912531
8940,1915980
8950,1919430
8960,1922882
8970,1926334
8980,1929787
8990,1933242
9000,1936697
9010,1940154
9020,1943611
9030,1947070
9040,1950529
9050,1953990
9060,1957451
9070,1960914
9080,1964377
9090,1967841
9100,1971307
9110,1974773
9120,1978240
9130,1981708
9140,1985177
9150,1988647
9160,1992118
9170,1995590
9180,1999063
9190,2002537
9200,2006011
9210,2009487
9220,2012963
9230,2016440
9240,2019918
9250,2023397
9260,2026877
9270,2030358
9280,2033839
9290,2037321
9300,2040805
9310,2044289
9320,2047773
9330,2051259
9340,2054745
9350,2058233
9360,2061721
9370,2065209
9380,2068699
9390,2072189
9400,2075680
9410,2079172
9420,2082665
9430,2086158
9440,2089652
9450,2093147
9460,2096643
9470,2100139
9480,2103636
9490,2107134
9500,2110633
9510,2114132
9520,2117632
9530,2121132
9540,2124633
9550,2128135
9560,2131638
9570,2135141
9580,2138645
9590,2142150
9600,2145655
9610,2149161
9620,2152667
9630,2156174
9640,2159682
9650,2163190
9660,2166699
9670,2170209
9680,2173719
9690,2177229
9700,2180741
9710,2184252
9720,2187765
9730,2191278
9740,2194791
9750,2198305
9760,2201820
9770,2205335
9780,2208851
9790,2212367
9800,2215884
9810,2219401
9820,2222919
9830,2226437
9840,2229956
9850,2233475
9860,2236995
9870,2240515
9880,2244036
9890,2247557
9900,2251078
9910,2254600
9920,2258123
9930,2261646
9940,2265169
9950,2268693
9960,2272217
9970,2275742
9980,2279267
9990,2282792
10000,2286318
10010,2289844
10020,2293370
10030,2296897
10040,2300425
10050,2303952
10060,2307480
10070,2311009
10080,2314537
10090,2318066
10100,2321596
10110,2325125
10120,2328655
10130,2332186
10140,2335716
10150,2339247
10160,2342778
10170,2346310
10180,2349842
10190,2353374
10200,2356906
10210,2360438
10220,2363971
10230,2367504
10240,2371038
10250,2374571
10260,2378105
10270,2381639
10280,2385173
10290,2388708
10300,2392242
10310,2395777
10320,2399312
10330,2402847
10340,2406383
10350,2409918
10360,2413454
10370,2416990
10380,2420526
10390,2424062
10400,2427598
10410,2431135
10420,2434671
10430,2438208
10440,2441745
10450,2445282
10460,2448819
10470,2452356
10480,2455893
10490,2459430
10500,2462968
10510,2466505
10520,2470043
10530,2473580
10540,2477118
10550,2480656
10560,2484193
10570,2487731
10580,2491269
10590,2494807
10600,2498345
10610,2501882
10620,2505420
10630,2508958
10640,2512496
10650,2516034
10660,2519571
10670,2523109
10680,2526647
10690,2530185
10700,2533722
10710,2537260
10720,2540797
10730,2544335
10740,2547872
10750,2551409
10760,2554947
10770,2558484
10780,2562021
10790,2565558
10800,2569094
10810,2572631
10820,2576168
10830,2579704
10840,2583240
10850,2586777
10860,2590313
10870,2593848
10880,2597384
10890,2600920
10900,2604455
10910,2607990
10920,2611525
10930,2615060
10940,2618595
10950,2622129
10960,2625663
10970,2629197
10980,2632731
10990,2636265
11000,2639798
11010,2643331
11020,2646864
11030,2650396
11040,2653928
11050,2657460
11060,2660992
11070,2664524
11080,2668055
11090,2671586
11100,2675116
11110,2678647
11120,2682177
11130,2685706
11140,2689236
11150,2692765
11160,2696293
11170,2699821
11180,2703349
11190,2706877
11200,2710404
11210,2713931
11220,2717458
11230,2720984
11240,2724510
11250,2728035
11260,2731560
11270,2735084
11280,2738609
11290,2742132
11300,2745656
11310,2749178
11320,2752701
11330,2756223
11340,2759744
11350,2763265
11360,2766786
11370,2770306
11380,2773826
11390,2777345
11400,2780864
11410,2784382
11420,2787900
11430,2791417
11440,2794934
11450,2798450
11460,2801965
11470,2805481
11480,2808995
11490,2812509
11500,2816023
11510,2819536
11520,2823048
11530,2826560
11540,2830071
11550,2833582
11560,2837092
11570,2840601
11580,2844110
11590,2847618
11600,2851126
11610,2854633
11620,2858139
11630,2861645
11640,2865150
11650,2868655
11660,2872159
11670,2875662
11680,2879164
11690,2882666
11700,2886167
11710,2889668
11720,2893168
11730,2896667
11740,2900165
11750,2903663
11760,2907160
11770,2910656
11780,2914152
11790,2917647
11800,2921141
11810,2924634
11820,2928127
11830,2931618
11840,2935109
11850,2938600
11860,2942089
11870,2945578
11880,2949066
11890,2952553
11900,2956039
11910,2959525
11920,2963010
11930,2966494
11940,2969977
11950,2973459
11960,2976940
11970,2980421
11980,2983901
11990,2987380
12000,2990858
12010,2994335
12020,2997811
12030,3001286
12040,3004761
12050,3008234
12060,3011707
12070,3015179
12080,3018650
12090,3022120
12100,3025589
12110,3029057
12120,3032524
12130,3035990
12140,3039455
12150,3042920
12160,3046383
12170,3049845
12180,3053307
12190,3056767
12200,3060226
12210,3063685
12220,3067142
12230,3070599
12240,3074054
12250,3077508
12260,3080962
12270,3084414
12280,3087865
12290,3091315
12300,3094765
12310,3098213
12320,3101660
12330,3105106
12340,3108551
12350,3111994
12360,3115437
12370,3118879
12380,3122319
12390,3125759
12400,3129197
12410,3132634
12420,3136070
12430,3139505
12440,3142939
12450,3146372
12460,3149803
12470,3153233
12480,3156663
12490,3160090
12500,3163517
12510,3166943
12520,3170367
12530,3173791
12540,3177213
12550,3180633
12560,3184053
12570,3187471
12580,3190889
12590,3194304
12600,3197719
12610,3201133
12620,3204545
12630,3207956
12640,3211365
12650,3214774
12660,3218181
12670,3221587
12680,3224991
12690,3228394
12700,3231796
12710,3235197
12720,3238596
12730,3241994
12740,3245391
12750,3248786
12760,3252180
12770,3255573
12780,3258964
12790,3262354
12800,3265743
12810,3269130
12820,3272516
12830,3275900
12840,3279283
12850,3282665
12860,3286045
12870,3289424
12880,3292801
12890,3296177
12900,3299552
12910,3302925
12920,3306296
12930,3309667
12940,3313035
12950,3316403
12960,3319768
12970,3323133
12980,3326496
12990,3329857
13000,3333217
13010,3336575
13020,3339932
13030,3343288
13040,3346642
13050,3349994
13060,3353345
13070,3356694
13080,3360042
13090,3363388
13100,3366733
13110,3370076
13120,3373417
13130,3376757
13140,3380096
13150,3383432
13160,3386767
13170,3390101
13180,3393433
13190,3396763
13200,3400092
13210,3403419
13220,3406745
13230,3410069
13240,3413391
13250,3416711
13260,3420030
13270,3423348
13280,3426663
13290,3429977
13300,3433289
13310,3436600
13320,3439909
13330,3443216
13340,3446521
13350,3449825
13360,3453127
13370,3456427
13380,3459726
13390,3463023
13400,3466318
13410,3469611
13420,3472903
13430,3476193
13440,3479481
13450,3482767
13460,3486052
13470,3489334
13480,3492615
13490,3495894
13500,3499172
13510,3502447
13520,3505721
13530,3508993
13540,3512263
13550,3515531
13560,3518797
13570,3522062
13580,3525324
13590,3528585
13600,3531844
13610,3535101
13620,3538356
13630,3541609
13640,3544861
13650,3548110
13660,3551358
13670,3554604
13680,3557847
13690,3561089
13700,3564329
13710,3567567
13720,3570803
13730,3574037
13740,3577269
13750,3580499
13760,3583727
13770,3586953
13780,3590178
13790,3593400
13800,3596620
13810,3599838
13820,3603055
13830,3606269
13840,3609481
13850,3612691
13860,3615899
13870,3619105
13880,3622309
13890,3625511
13900,3628711
13910,3631909
13920,3635105
13930,3638299
13940,3641490
13950,3644680
13960,3647867
13970,3651053
13980,3654236
13990,3657417
14000,3660596
14010,3663773
14020,3666948
14030,3670120
14040,3673291
14050,3676459
14060,3679625
14070,3682789
14080,3685951
14090,3689111
14100,3692268
14110,3695424
14120,3698577
14130,3701728
14140,3704876
14150,3708023
14160,3711167
14170,3714309
14180,3717449
14190,3720586
14200,3723722
14210,3726855
14220,3729985
14230,3733114
14240,3736240
14250,3739364
14260,3742486
14270,3745605
14280,3748722
14290,3751837
14300,3754950
14310,3758060
14320,3761168
14330,3764273
14340,3767377
14350,3770477
14360,3773576
14370,3776672
14380,3779766
14390,3782857
14400,3785947
14410,3789033
14420,3792118
14430,3795199
14440,3798279
14450,3801356
14460,3804431
14470,3807503
14480,3810573
14490,3813641
14500,3816706
14510,3819768
14520,3822828
14530,3825886
14540,3828941
14550,3831994
14560,3835044
14570,3838092
14580,3841137
14590,3844180
14600,3847221
14610,3850258
14620,3853294
14630,3856327
14640,3859357
14650,3862385
14660,3865410
14670,3868432
14680,3871453
14690,3874470
14700,3877485
14710,3880498
14720,3883508
14730,3886515
14740,3889520
14750,3892522
14760,3895521
14770,3898518
14780,3901513
14790,3904504
14800,3907493
14810,3910480
14820,3913464
14830,3916445
14840,3919423
14850,3922399
14860,3925373
14870,3928343
14880,3931311
14890,3934276
14900,3937239
14910,3940199
14920,3943156
14930,3946110
14940,3949062
14950,3952011
14960,3954957
14970,3957901
14980,3960841
14990,3963780
15000,3966715
15010,3969647
15020,3972577
15030,3975504
15040,3978429
15050,3981350
15060,3984269
15070,3987185
15080,3990098
15090,3993008
15100,3995916
15110,3998820
15120,4001722
15130,4004621
15140,4007517
15150,4010411
15160,4013301
15170,4016189
15180,4019074
15190,4021956
15200,4024835
15210,4027711
15220,4030584
15230,4033455
15240,4036322
15250,4039187
15260,4042048
15270,4044907
15280,4047763
15290,4050616
15300,4053466
15310,4056313
15320,4059157
15330,4061998
15340,4064836
15350,4067672
15360,4070504
15370,4073333
15380,4076159
15390,4078983
15400,4081803
15410,4084620
15420,4087434
15430,4090246
15440,4093054
15450,4095859
15460,4098661
15470,4101460
15480,4104256
15490,4107049
15500,4109839
15510,4112626
15520,4115410
15530,4118191
15540,4120968
15550,4123743
15560,4126514
15570,4129282
15580,4132048
15590,4134810
15600,4137569
15610,4140325
15620,4143077
15630,4145827
15640,4148573
15650,4151317
15660,4154057
15670,4156794
15680,4159527
15690,4162258
15700,4164985
15710,4167709
15720,4170430
15730,4173148
15740,4175863
15750,4178574
15760,4181282
15770,4183987
15780,4186689
15790,4189387
15800,4192082
15810,4194774
15820,4197463
15830,4200148
15840,4202830
15850,4205509
15860,4208185
15870,4210857
15880,4213526
15890,4216192
15900,4218854
15910,4221513
15920,4224169
15930,4226821
15940,4229470
15950,4232116
15960,4234758
15970,4237397
15980,4240032
15990,4242665
16000,4245293
16010,4247919
16020,4250541
16030,4253160
16040,4255775
16050,4258387
16060,4260995
16070,4263600
16080,4266202
16090,4268800
16100,4271395
16110,4273986
16120,4276574
16130,4279158
16140,4281739
16150,4284317
16160,4286891
16170,4289461
16180,4292028
16190,4294592
16200,4297152
16210,4299708
16220,4302261
16230,4304811
16240,4307357
16250,4309899
16260,4312438
16270,4314973
16280,4317505
16290,4320033
16300,4322558
16310,4325079
16320,4327596
16330,4330110
16340,4332621
16350,4335127
16360,4337630
16370,4340130
16380,4342626
16390,4345118
16400,4347607
16410,4350092
16420,4352573
16430,4355051
16440,4357525
16450,4359995
16460,4362462
16470,4364925
16480,4367385
16490,4369840
16500,4372293
16510,4374741
16520,4377186
16530,4379626
16540,4382064
16550,4384497
16560,4386927
16570,4389353
16580,4391775
16590,4394194
16600,4396609
16610,4399020
16620,4401427
16630,4403830
16640,4406230
16650,4408626
16660,4411018
16670,4413407
16680,4415791
16690,4418172
16700,4420549
16710,4422922
16720,4425291
16730,4427657
16740,4430018
16750,4432376
16760,4434730
16770,4437080
16780,4439426
16790,4441769
16800,4444107
16810,4446442
16820,4448772
16830,4451099
16840,4453422
16850,4455741
16860,4458056
16870,4460367
16880,4462674
16890,4464977
16900,4467277
16910,4469572
16920,4471863
16930,4474151
16940,4476434
16950,4478714
16960,4480989
16970,4483261
16980,4485528
16990,4487792
17000,4490052
17010,4492307
17020,4494559
17030,4496806
17040,4499050
17050,4501289
17060,4503524
17070,4505756
17080,4507983
17090,4510206
17100,4512426
17110,4514641
17120,4516852
17130,4519059
17140,4521261
17150,4523460
17160,4525655
17170,4527845
17180,4530032
17190,4532214
17200,4534392
17210,4536566
17220,4538736
17230,4540902
17240,4543063
17250,4545221
17260,4547374
17270,4549523
17280,4551668
17290,4553809
17300,4555945
17310,4558078
17320,4560206
17330,4562330
17340,4564449
17350,4566565
17360,4568676
17370,4570783
17380,4572886
17390,4574984
17400,4577078
17410,4579168
17420,4581254
17430,4583336
17440,4585413
17450,4587486
17460,4589554
17470,4591619
17480,4593679
17490,4595734
17500,4597786
17510,4599833
17520,4601875
17530,4603914
17540,4605948
17550,4607977
17560,4610003
17570,4612024
17580,4614040
17590,4616052
17600,4618060
17610,4620064
17620,4622063
17630,4624057
17640,4626048
17650,4628034
17660,4630015
17670,4631992
17680,4633964
17690,4635933
17700,4637896
17710,4639856
17720,4641810
17730,4643761
17740,4645706
17750,4647648
17760,4649585
17770,4651517
17780,4653445
17790,4655368
17800,4657287
17810,4659202
17820,4661112
17830,4663017
17840,4664918
17850,4666814
17860,4668706
17870,4670593
17880,4672476
17890,4674354
17900,4676227
17910,4678096
17920,4679960
17930,4681820
17940,4683675
17950,4685526
17960,4687372
17970,4689213
17980,4691050
17990,4692882
18000,4694709
18010,4696532
18020,4698350
18030,4700164
18040,4701973
18050,4703777
18060,4705577
18070,4707371
18080,4709162
18090,4710947
18100,4712728
18110,4714504
18120,4716275
18130,4718042
18140,4719804
18150,4721561
18160,4723314
18170,4725062
18180,4726805
18190,4728543
18200,4730276
18210,4732005
18220,4733729
18230,4735448
18240,4737163
18250,4738872
18260,4740577
18270,4742277
18280,4743972
18290,4745663
18300,4747348
18310,4749029
18320,4750705
18330,4752376
18340,4754042
18350,4755704
18360,4757360
18370,4759012
18380,4760659
18390,4762301
18400,4763938
18410,4765570
18420,4767197
18430,4768820
18440,4770437
18450,4772050
18460,4773657
18470,4775260
18480,4776858
18490,4778450
18500,4780038
18510,4781621
18520,4783199
18530,4784772
18540,4786340
18550,4787903
18560,4789461
18570,4791014
18580,4792562
18590,4794105
18600,4795644
18610,4797177
18620,4798705
18630,4800228
18640,4801746
18650,4803259
18660,4804766
18670,4806269
18680,4807767
18690,4809260
18700,4810747
18710,4812230
18720,4813707
18730,4815180
18740,4816647
18750,4818109
18760,4819566
18770,4821018
18780,4822465
18790,4823907
18800,4825343
18810,4826775
18820,4828201
18830,4829622
18840,4831038
18850,4832449
18860,4833855
18870,4835255
18880,4836650
18890,4838040
18900,4839425
18910,4840805
18920,4842180
18930,4843549
18940,4844913
18950,4846272
18960,4847625
18970,4848974
18980,4850317
18990,4851654
19000,4852987
19010,4854314
19020,4855636
19030,4856953
19040,4858265
19050,4859571
19060,4860872
19070,4862167
19080,4863457
19090,4864742
19100,4866022
19110,4867296
19120,4868565
19130,4869829
19140,4871087
19150,4872340
19160,4873588
19170,4874830
19180,4876067
19190,4877298
19200,4878524
19210,4879745
19220,4880960
19230,4882170
19240,4883375
19250,4884574
19260,4885767
19270,4886955
19280,4888138
19290,4889315
19300,4890487
19310,4891654
19320,4892815
19330,4893970
19340,4895120
19350,4896265
19360,4897404
19370,4898537
19380,4899665
19390,4900788
19400,4901905
19410,4903016
19420,4904122
19430,4905223
19440,4906318
19450,4907407
19460,4908491
19470,4909569
19480,4910642
19490,4911709
19500,4912771
19510,4913827
19520,4914877
19530,4915922
19540,4916961
19550,4917995
19560,4919023
19570,4920045
19580,4921062
19590,4922073
19600,4923079
19610,4924078
19620,4925073
19630,4926061
19640,4927044
19650,4928021
19660,4928993
19670,4929959
19680,4930919
19690,4931873
19700,4932822
19710,4933765
19720,4934703
19730,4935634
19740,4936560
19750,4937480
19760,4938395
19770,4939303
19780,4940206
19790,4941104
19800,4941995
19810,4942881
19820,4943761
19830,4944635
19840,4945503
19850,4946366
19860,4947222
19870,4948073
19880,4948918
19890,4949758
19900,4950591
19910,4951419
19920,4952241
19930,4953057
19940,4953867
19950,4954671
19960,4955469
19970,4956262
19980,4957049
19990,4957829
