0,0
10,3
20,13
30,30
40,53
50,83
60,120
70,163
80,213
90,269
100,332
110,402
120,478
130,561
140,650
150,746
160,849
170,958
180,1074
190,1196
200,1325
210,1460
220,1602
230,1750
240,1905
250,2067
260,2235
270,2409
280,2590
290,2778
300,2972
310,3172
320,3379
330,3592
340,3812
350,4038
360,4271
370,4510
380,4756
390,5008
400,5266
410,5531
420,5802
430,6080
440,6364
450,6654
460,6951
470,7254
480,7564
490,7880
500,8202
510,8531
520,8866
530,9207
540,9555
550,9909
560,10269
570,10635
580,11008
590,11388
600,11773
610,12165
620,12563
630,12967
640,13378
650,13795
660,14218
670,14648
680,15083
690,15525
700,15973
710,16428
720,16888
730,17355
740,17828
750,18307
760,18793
770,19284
780,19782
790,20286
800,20796
810,21312
820,21835
830,22363
840,22898
850,23439
860,23986
870,24539
880,25098
890,25664
900,26235
910,26813
920,27396
930,27986
940,28582
950,29184
960,29792
970,30406
980,31026
990,31652
1000,32284
1010,32923
1020,33567
1030,34217
1040,34874
1050,35536
1060,36204
1070,36879
1080,37559
1090,38245
1100,38938
1110,39636
1120,40340
1130,41050
1140,41766
1150,42489
1160,43217
1170,43951
1180,44691
1190,45436
1200,46188
1210,46946
1220,47709
1230,48479
1240,49254
1250,50036
1260,50823
1270,51616
1280,52415
1290,53219
1300,54030
1310,54846
1320,55669
1330,56497
1340,57331
1350,58171
1360,59016
1370,59868
1380,60725
1390,61588
1400,62457
1410,63332
1420,64212
1430,65098
1440,65990
1450,66888
1460,67791
1470,68700
1480,69615
1490,70536
1500,71462
1510,72395
1520,73332
1530,74276
1540,75225
1550,76180
1560,77141
1570,78107
1580,79079
1590,80057
1600,81040
1610,82030
1620,83024
1630,84025
1640,85031
1650,86042
1660,87059
1670,88082
1680,89111
1690,90145
1700,91185
1710,92230
1720,93281
1730,94337
1740,95399
1750,96467
1760,97540
1770,98619
1780,99703
1790,100793
1800,101889
1810,102990
1820,104096
1830,105208
1840,106326
1850,107449
1860,108577
1870,109711
1880,110851
1890,111996
1900,113146
1910,114302
1920,115464
1930,116630
1940,117803
1950,118981
1960,120164
1970,121353
1980,122547
1990,123746
2000,124951
2010,126161
2020,127377
2030,128598
2040,129825
2050,131057
2060,132294
2070,133537
2080,134785
2090,136038
2100,137297
2110,138561
2120,139831
2130,141105
2140,142385
2150,143671
2160,144962
2170,146258
2180,147559
2190,148866
2200,150178
2210,151495
2220,152817
2230,154145
2240,155478
2250,156817
2260,158160
2270,159509
2280,160863
2290,162222
2300,163587
2310,164956
2320,166331
2330,167712
2340,169097
2350,170487
2360,171883
2370,173284
2380,174690
2390,176102
2400,177518
2410,178940
2420,180366
2430,181798
2440,183235
2450,184678
2460,186125
2470,187577
2480,189035
2490,190497
2500,191965
2510,193438
2520,194916
2530,196399
2540,197887
2550,199380
2560,200879
2570,202382
2580,203890
2590,205404
2600,206922
2610,208445
2620,209974
2630,211508
2640,213046
2650,214590
2660,216138
2670,217692
2680,219250
2690,220814
2700,222382
2710,223956
2720,225534
2730,227117
2740,228706
2750,230299
2760,231897
2770,233500
2780,235108
2790,236721
2800,238339
2810,239962
2820,241590
2830,243223
2840,244860
2850,246502
2860,248150
2870,249802
2880,251459
2890,253121
2900,254787
2910,256459
2920,258135
2930,259817
2940,261503
2950,263193
2960,264889
2970,266590
2980,268295
2990,270005
3000,271720
3010,273440
3020,275164
3030,276893
3040,278627
3050,280366
3060,282109
3070,283858
3080,285611
3090,287368
3100,289131
3110,290898
3120,292670
3130,294446
3140,296227
3150,298013
3160,299804
3170,301599
3180,303399
3190,305204
3200,307013
3210,308827
3220,310646
3230,312469
3240,314297
3250,316130
3260,317967
3270,319809
3280,321655
3290,323506
3300,325362
3310,327222
3320,329087
3330,330956
3340,332830
3350,334708
3360,336592
3370,338479
3380,340371
3390,342268
3400,344169
3410,346075
3420,347985
3430,349900
3440,351820
3450,353743
3460,355672
3470,357605
3480,359542
3490,361484
3500,363430
3510,365381
3520,367336
3530,369296
3540,371260
3550,373228
3560,375202
3570,377179
3580,379161
3590,381147
3600,383138
3610,385133
3620,387132
3630,389136
3640,391145
3650,393157
3660,395174
3670,397196
3680,399221
3690,401251
3700,403286
3710,405325
3720,407368
3730,409415
3740,411467
3750,413523
3760,415584
3770,417648
3780,419717
3790,421791
3800,423868
3810,425950
3820,428036
3830,430127
3840,432222
3850,434320
3860,436424
3870,438531
3880,440643
3890,442759
3900,444879
3910,447003
3920,449132
3930,451264
3940,453401
3950,455543
3960,457688
3970,459837
3980,461991
3990,464149
4000,466311
4010,468477
4020,470647
4030,472822
4040,475000
4050,477183
4060,479370
4070,481561
4080,483756
4090,485955
4100,488158
4110,490366
4120,492577
4130,494793
4140,497012
4150,499236
4160,501464
4170,503696
4180,505931
4190,508171
4200,510415
4210,512663
4220,514915
4230,517171
4240,519431
4250,521695
4260,523963
4270,526235
4280,528511
4290,530791
4300,533075
4310,535363
4320,537654
4330,539950
4340,542250
4350,544554
4360,546861
4370,549173
4380,551488
4390,553808
4400,556131
4410,558458
4420,560789
4430,563124
4440,565463
4450,567806
4460,570152
4470,572503
4480,574857
4490,577215
4500,579577
4510,581943
4520,584313
4530,586686
4540,589064
4550,591445
4560,593830
4570,596219
4580,598611
4590,601008
4600,603408
4610,605812
4620,608219
4630,610631
4640,613046
4650,615465
4660,617888
4670,620314
4680,622744
4690,625178
4700,627616
4710,630057
4720,632502
4730,634951
4740,637404
4750,639860
4760,642320
4770,644783
4780,647250
4790,649721
4800,652196
4810,654674
4820,657156
4830,659641
4840,662130
4850,664623
4860,667119
4870,669619
4880,672123
4890,674630
4900,677140
4910,679655
4920,682173
4930,684694
4940,687219
4950,689748
4960,692280
4970,694816
4980,697355
4990,699898
5000,702444
5010,704994
5020,707547
5030,710104
5040,712665
5050,715229
5060,717796
5070,720367
5080,722941
5090,725519
5100,728101
5110,730685
5120,733274
5130,735865
5140,738460
5150,741059
5160,743661
5170,746266
5180,748875
5190,751488
5200,754103
5210,756722
5220,759345
5230,761971
5240,764600
5250,767233
5260,769868
5270,772508
5280,775151
5290,777797
5300,780446
5310,783099
5320,785755
5330,788414
5340,791077
5350,793743
5360,796412
5370,799085
5380,801761
5390,804440
5400,807123
5410,809808
5420,812497
5430,815190
5440,817885
5450,820584
5460,823286
5470,825991
5480,828700
5490,831412
5500,834127
5510,836845
5520,839566
5530,842291
5540,845019
5550,847749
5560,850484
5570,853221
5580,855961
5590,858705
5600,861452
5610,864202
5620,866955
5630,869711
5640,872471
5650,875233
5660,877999
5670,880767
5680,883539
5690,886314
5700,889092
5710,891873
5720,894657
5730,897445
5740,900235
5750,903028
5760,905825
5770,908624
5780,911427
5790,914232
5800,917041
5810,919853
5820,922667
5830,925485
5840,928306
5850,931129
5860,933956
5870,936785
5880,939618
5890,942454
5900,945292
5910,948134
5920,950978
5930,953826
5940,956676
5950,959529
5960,962386
5970,965245
5980,968107
5990,970972
6000,973840
6010,976710
6020,979584
6030,982461
6040,985340
6050,988222
6060,991108
6070,993996
6080,996886
6090,999780
6100,1002677
6110,1005576
6120,1008478
6130,1011384
6140,1014291
6150,1017202
6160,1020116
6170,1023032
6180,1025951
6190,1028873
6200,1031798
6210,1034725
6220,1037655
6230,1040588
6240,1043524
6250,1046462
6260,1049403
6270,1052347
6280,1055294
6290,1058243
6300,1061195
6310,1064150
6320,1067108
6330,1070068
6340,1073031
6350,1075997
6360,1078965
6370,1081936
6380,1084909
6390,1087886
6400,1090864
6410,1093846
6420,1096830
6430,1099817
6440,1102807
6450,1105799
6460,1108793
6470,1111791
6480,1114791
6490,1117793
6500,1120798
6510,1123806
6520,1126816
6530,1129829
6540,1132844
6550,1135862
6560,1138883
6570,1141906
6580,1144931
6590,1147960
6600,1150990
6610,1154023
6620,1157059
6630,1160097
6640,1163138
6650,1166181
6660,1169227
6670,1172275
6680,1175326
6690,1178379
6700,1181434
6710,1184493
6720,1187553
6730,1190616
6740,1193681
6750,1196749
6760,1199819
6770,1202892
6780,1205967
6790,1209045
6800,1212125
6810,1215207
6820,1218292
6830,1221379
6840,1224468
6850,1227560
6860,1230654
6870,1233751
6880,1236849
6890,1239951
6900,1243054
6910,1246160
6920,1249268
6930,1252379
6940,1255492
6950,1258607
6960,1261724
6970,1264844
6980,1267966
6990,1271091
7000,1274217
7010,1277346
7020,1280477
7030,1283611
7040,1286746
7050,1289884
7060,1293024
7070,1296167
7080,1299311
7090,1302458
7100,1305607
7110,1308758
7120,1311912
7130,1315068
7140,1318225
7150,1321385
7160,1324548
7170,1327712
7180,1330878
7190,1334047
7200,1337218
7210,1340391
7220,1343566
7230,1346743
7240,1349923
7250,1353104
7260,1356288
7270,1359473
7280,1362661
7290,1365851
7300,1369043
7310,1372237
7320,1375433
7330,1378632
7340,1381832
7350,1385034
7360,1388239
7370,1391445
7380,1394654
7390,1397864
7400,1401077
7410,1404291
7420,1407508
7430,1410726
7440,1413947
7450,1417169
7460,1420394
7470,1423620
7480,1426849
7490,1430079
7500,1433312
7510,1436546
7520,1439783
7530,1443021
7540,1446261
7550,1449503
7560,1452747
7570,1455993
7580,1459241
7590,1462491
7600,1465743
7610,1468996
7620,1472252
7630,1475509
7640,1478769
7650,1482030
7660,1485293
7670,1488557
7680,1491824
7690,1495093
7700,1498363
7710,1501635
7720,1504909
7730,1508185
7740,1511463
7750,1514742
7760,1518023
7770,1521307
7780,1524591
7790,1527878
7800,1531166
7810,1534457
7820,1537748
7830,1541042
7840,1544338
7850,1547635
7860,1550934
7870,1554234
7880,1557537
7890,1560841
7900,1564146
7910,1567454
7920,1570763
7930,1574074
7940,1577387
7950,1580701
7960,1584017
7970,1587334
7980,1590654
7990,1593975
8000,1597297
8010,1600621
8020,1603947
8030,1607275
8040,1610604
8050,1613934
8060,1617267
8070,1620601
8080,1623936
8090,1627273
8100,1630612
8110,1633952
8120,1637294
8130,1640637
8140,1643982
8150,1647329
8160,1650677
8170,1654027
8180,1657378
8190,1660730
8200,1664085
8210,1667440
8220,1670798
8230,1674156
8240,1677517
8250,1680878
8260,1684242
8270,1687606
8280,1690972
8290,1694340
8300,1697709
8310,1701080
8320,1704452
8330,1707825
8340,1711200
8350,1714576
8360,1717954
8370,1721333
8380,1724714
8390,1728096
8400,1731479
8410,1734864
8420,1738250
8430,1741637
8440,1745026
8450,1748416
8460,1751808
8470,1755201
8480,1758595
8490,1761991
8500,1765388
8510,1768786
8520,1772186
8530,1775587
8540,1778989
8550,1782392
8560,1785797
8570,1789203
8580,1792611
8590,1796020
8600,1799430
8610,1802841
8620,1806253
8630,1809667
8640,1813082
8650,1816498
8660,1819916
8670,1823334
8680,1826754
8690,1830175
8700,1833598
8710,1837021
8720,1840446
8730,1843872
8740,1847299
8750,1850727
8760,1854157
8770,1857588
8780,1861019
8790,1864452
8800,1867886
8810,1871322
8820,1874758
8830,1878195
8840,1881634
8850,1885074
8860,1888515
8870,1891957
8880,1895400
8890,1898844
8900,1902289
8910,1905735
8920,1909183
8930,1912631
8940,1916080
8950,1919531
8960,1922982
8970,1926435
8980,1929889
8990,1933343
9000,1936799
9010,1940256
9020,1943714
9030,1947172
9040,1950632
9050,1954093
9060,1957554
9070,1961017
9080,1964481
9090,1967945
9100,1971411
9110,1974877
9120,1978345
9130,1981813
9140,1985282
9150,1988753
9160,1992224
9170,1995696
9180,1999169
9190,2002643
9200,2006118
9210,2009593
9220,2013070
9230,2016547
9240,2020025
9250,2023505
9260,2026985
9270,2030466
9280,2033947
9290,2037430
9300,2040913
9310,2044397
9320,2047882
9330,2051368
9340,2054855
9350,2058342
9360,2061831
9370,2065320
9380,2068809
9390,2072300
9400,2075791
9410,2079284
9420,2082776
9430,2086270
9440,2089764
9450,2093260
9460,2096755
9470,2100252
9480,2103749
9490,2107247
9500,2110746
9510,2114245
9520,2117745
9530,2121246
9540,2124748
9550,2128250
9560,2131753
9570,2135256
9580,2138760
9590,2142265
9600,2145770
9610,2149277
9620,2152783
9630,2156291
9640,2159799
9650,2163307
9660,2166816
9670,2170326
9680,2173836
9690,2177347
9700,2180859
9710,2184371
9720,2187884
9730,2191397
9740,2194911
9750,2198425
9760,2201940
9770,2205455
9780,2208971
9790,2212488
9800,2216005
9810,2219522
9820,2223040
9830,2226559
9840,2230078
9850,2233597
9860,2237117
9870,2240637
9880,2244158
9890,2247680
9900,2251201
9910,2254724
9920,2258246
9930,2261770
9940,2265293
9950,2268817
9960,2272342
9970,2275866
9980,2279392
9990,2282917
10000,2286443
10010,2289970
10020,2293497
10030,2297024
10040,2300551
10050,2304079
10060,2307607
10070,2311136
10080,2314665
10090,2318194
10100,2321724
10110,2325254
10120,2328784
10130,2332315
10140,2335845
10150,2339377
10160,2342908
10170,2346440
10180,2349972
10190,2353504
10200,2357037
10210,2360569
10220,2364102
10230,2367636
10240,2371169
10250,2374703
10260,2378237
10270,2381771
10280,2385306
10290,2388841
10300,2392375
10310,2395911
10320,2399446
10330,2402981
10340,2406517
10350,2410053
10360,2413589
10370,2417125
10380,2420661
10390,2424198
10400,2427734
10410,2431271
10420,2434808
10430,2438345
10440,2441882
10450,2445419
10460,2448956
10470,2452494
10480,2456031
10490,2459569
10500,2463106
10510,2466644
10520,2470182
10530,2473720
10540,2477258
10550,2480795
10560,2484333
10570,2487871
10580,2491409
10590,2494948
10600,2498486
10610,2502024
10620,2505562
10630,2509100
10640,2512638
10650,2516176
10660,2519714
10670,2523252
10680,2526790
10690,2530328
10700,2533866
10710,2537404
10720,2540942
10730,2544479
10740,2548017
10750,2551555
10760,2555092
10770,2558629
10780,2562167
10790,2565704
10800,2569241
10810,2572778
10820,2576315
10830,2579851
10840,2583388
10850,2586924
10860,2590461
10870,2593997
10880,2597533
10890,2601069
10900,2604604
10910,2608140
10920,2611675
10930,2615210
10940,2618745
10950,2622280
10960,2625814
10970,2629348
10980,2632882
10990,2636416
11000,2639950
11010,2643483
11020,2647016
11030,2650549
11040,2654082
11050,2657614
11060,2661146
11070,2664678
11080,2668209
11090,2671740
11100,2675271
11110,2678802
11120,2682332
11130,2685862
11140,2689391
11150,2692921
11160,2696450
11170,2699978
11180,2703506
11190,2707034
11200,2710562
11210,2714089
11220,2717616
11230,2721142
11240,2724668
11250,2728194
11260,2731719
11270,2735244
11280,2738768
11290,2742292
11300,2745816
11310,2749339
11320,2752862
11330,2756384
11340,2759906
11350,2763427
11360,2766948
11370,2770469
11380,2773989
11390,2777508
11400,2781027
11410,2784546
11420,2788064
11430,2791581
11440,2795098
11450,2798614
11460,2802130
11470,2805646
11480,2809161
11490,2812675
11500,2816189
11510,2819702
11520,2823215
11530,2826727
11540,2830238
11550,2833749
11560,2837260
11570,2840769
11580,2844279
11590,2847787
11600,2851295
11610,2854802
11620,2858309
11630,2861815
11640,2865321
11650,2868825
11660,2872329
11670,2875833
11680,2879336
11690,2882838
11700,2886339
11710,2889840
11720,2893340
11730,2896840
11740,2900338
11750,2903836
11760,2907334
11770,2910830
11780,2914326
11790,2917821
11800,2921316
11810,2924809
11820,2928302
11830,2931794
11840,2935286
11850,2938776
11860,2942266
11870,2945755
11880,2949243
11890,2952731
11900,2956217
11910,2959703
11920,2963188
11930,2966672
11940,2970156
11950,2973638
11960,2977120
11970,2980601
11980,2984081
11990,2987560
12000,2991038
12010,2994516
12020,2997992
12030,3001468
12040,3004943
12050,3008417
12060,3011890
12070,3015362
12080,3018833
12090,3022303
12100,3025773
12110,3029241
12120,3032708
12130,3036175
12140,3039640
12150,3043105
12160,3046569
12170,3050031
12180,3053493
12190,3056954
12200,3060413
12210,3063872
12220,3067330
12230,3070786
12240,3074242
12250,3077697
12260,3081150
12270,3084603
12280,3088055
12290,3091505
12300,3094955
12310,3098403
12320,3101850
12330,3105297
12340,3108742
12350,3112186
12360,3115629
12370,3119071
12380,3122512
12390,3125952
12400,3129390
12410,3132828
12420,3136264
12430,3139699
12440,3143133
12450,3146566
12460,3149998
12470,3153429
12480,3156858
12490,3160286
12500,3163714
12510,3167139
12520,3170564
12530,3173988
12540,3177410
12550,3180831
12560,3184251
12570,3187670
12580,3191087
12590,3194504
12600,3197919
12610,3201332
12620,3204745
12630,3208156
12640,3211566
12650,3214975
12660,3218382
12670,3221788
12680,3225193
12690,3228597
12700,3231999
12710,3235400
12720,3238799
12730,3242198
12740,3245595
12750,3248990
12760,3252385
12770,3255778
12780,3259169
12790,3262559
12800,3265948
12810,3269336
12820,3272722
12830,3276107
12840,3279490
12850,3282872
12860,3286253
12870,3289632
12880,3293009
12890,3296386
12900,3299761
12910,3303134
12920,3306506
12930,3309876
12940,3313246
12950,3316613
12960,3319979
12970,3323344
12980,3326707
12990,3330069
13000,3333429
13010,3336788
13020,3340145
13030,3343501
13040,3346855
13050,3350208
13060,3353559
13070,3356909
13080,3360257
13090,3363603
13100,3366948
13110,3370292
13120,3373633
13130,3376974
13140,3380312
13150,3383649
13160,3386985
13170,3390319
13180,3393651
13190,3396982
13200,3400311
13210,3403638
13220,3406964
13230,3410289
13240,3413611
13250,3416932
13260,3420251
13270,3423569
13280,3426885
13290,3430199
13300,3433512
13310,3436822
13320,3440132
13330,3443439
13340,3446745
13350,3450049
13360,3453351
13370,3456652
13380,3459951
13390,3463248
13400,3466543
13410,3469837
13420,3473129
13430,3476419
13440,3479708
13450,3482994
13460,3486279
13470,3489562
13480,3492843
13490,3496123
13500,3499400
13510,3502676
13520,3505950
13530,3509223
13540,3512493
13550,3515761
13560,3519028
13570,3522293
13580,3525556
13590,3528817
13600,3532076
13610,3535334
13620,3538589
13630,3541843
13640,3545095
13650,3548344
13660,3551592
13670,3554838
13680,3558082
13690,3561324
13700,3564565
13710,3567803
13720,3571039
13730,3574274
13740,3577506
13750,3580737
13760,3583965
13770,3587192
13780,3590416
13790,3593639
13800,3596859
13810,3600078
13820,3603294
13830,3606509
13840,3609722
13850,3612932
13860,3616141
13870,3619347
13880,3622551
13890,3625754
13900,3628954
13910,3632152
13920,3635348
13930,3638542
13940,3641734
13950,3644924
13960,3648112
13970,3651298
13980,3654481
13990,3657663
14000,3660842
14010,3664020
14020,3667195
14030,3670368
14040,3673538
14050,3676707
14060,3679874
14070,3683038
14080,3686200
14090,3689360
14100,3692518
14110,3695674
14120,3698827
14130,3701978
14140,3705127
14150,3708274
14160,3711419
14170,3714561
14180,3717701
14190,3720839
14200,3723975
14210,3727108
14220,3730239
14230,3733368
14240,3736495
14250,3739619
14260,3742741
14270,3745861
14280,3748979
14290,3752094
14300,3755207
14310,3758317
14320,3761425
14330,3764531
14340,3767635
14350,3770736
14360,3773835
14370,3776932
14380,3780026
14390,3783118
14400,3786207
14410,3789294
14420,3792379
14430,3795461
14440,3798541
14450,3801618
14460,3804693
14470,3807766
14480,3810836
14490,3813904
14500,3816970
14510,3820033
14520,3823093
14530,3826151
14540,3829207
14550,3832260
14560,3835310
14570,3838359
14580,3841404
14590,3844448
14600,3847488
14610,3850526
14620,3853562
14630,3856595
14640,3859626
14650,3862654
14660,3865680
14670,3868703
14680,3871723
14690,3874741
14700,3877757
14710,3880769
14720,3883780
14730,3886787
14740,3889793
14750,3892795
14760,3895795
14770,3898792
14780,3901787
14790,3904779
14800,3907769
14810,3910755
14820,3913740
14830,3916721
14840,3919700
14850,3922676
14860,3925650
14870,3928621
14880,3931589
14890,3934555
14900,3937518
14910,3940478
14920,3943435
14930,3946390
14940,3949342
14950,3952292
14960,3955238
14970,3958182
14980,3961123
14990,3964062
15000,3966998
15010,3969930
15020,3972861
15030,3975788
15040,3978713
15050,3981635
15060,3984554
15070,3987470
15080,3990383
15090,3993294
15100,3996202
15110,3999107
15120,4002009
15130,4004909
15140,4007805
15150,4010699
15160,4013590
15170,4016478
15180,4019363
15190,4022246
15200,4025125
15210,4028002
15220,4030875
15230,4033746
15240,4036614
15250,4039479
15260,4042341
15270,4045200
15280,4048056
15290,4050910
15300,4053760
15310,4056607
15320,4059452
15330,4062293
15340,4065132
15350,4067967
15360,4070800
15370,4073630
15380,4076456
15390,4079280
15400,4082101
15410,4084918
15420,4087733
15430,4090545
15440,4093353
15450,4096159
15460,4098961
15470,4101761
15480,4104557
15490,4107351
15500,4110141
15510,4112928
15520,4115712
15530,4118493
15540,4121271
15550,4124046
15560,4126818
15570,4129587
15580,4132353
15590,4135115
15600,4137874
15610,4140631
15620,4143384
15630,4146134
15640,4148881
15650,4151624
15660,4154365
15670,4157102
15680,4159836
15690,4162567
15700,4165295
15710,4168019
15720,4170741
15730,4173459
15740,4176174
15750,4178886
15760,4181594
15770,4184299
15780,4187002
15790,4189700
15800,4192396
15810,4195088
15820,4197777
15830,4200463
15840,4203146
15850,4205825
15860,4208501
15870,4211173
15880,4213843
15890,4216509
15900,4219171
15910,4221831
15920,4224487
15930,4227140
15940,4229789
15950,4232435
15960,4235078
15970,4237717
15980,4240353
15990,4242986
16000,4245615
16010,4248241
16020,4250863
16030,4253482
16040,4256098
16050,4258710
16060,4261319
16070,4263925
16080,4266527
16090,4269125
16100,4271720
16110,4274312
16120,4276900
16130,4279485
16140,4282066
16150,4284644
16160,4287219
16170,4289790
16180,4292357
16190,4294921
16200,4297481
16210,4300038
16220,4302592
16230,4305141
16240,4307688
16250,4310231
16260,4312770
16270,4315306
16280,4317838
16290,4320366
16300,4322891
16310,4325413
16320,4327931
16330,4330445
16340,4332956
16350,4335463
16360,4337967
16370,4340467
16380,4342963
16390,4345456
16400,4347945
16410,4350430
16420,4352912
16430,4355390
16440,4357864
16450,4360335
16460,4362803
16470,4365266
16480,4367726
16490,4370182
16500,4372634
16510,4375083
16520,4377528
16530,4379970
16540,4382407
16550,4384841
16560,4387271
16570,4389698
16580,4392121
16590,4394540
16600,4396955
16610,4399366
16620,4401774
16630,4404178
16640,4406578
16650,4408974
16660,4411367
16670,4413756
16680,4416141
16690,4418522
16700,4420899
16710,4423273
16720,4425642
16730,4428008
16740,4430370
16750,4432729
16760,4435083
16770,4437433
16780,4439780
16790,4442123
16800,4444462
16810,4446796
16820,4449128
16830,4451455
16840,4453778
16850,4456097
16860,4458413
16870,4460724
16880,4463032
16890,4465336
16900,4467635
16910,4469931
16920,4472223
16930,4474511
16940,4476795
16950,4479075
16960,4481351
16970,4483623
16980,4485891
16990,4488155
17000,4490415
17010,4492671
17020,4494922
17030,4497170
17040,4499414
17050,4501654
17060,4503890
17070,4506122
17080,4508350
17090,4510573
17100,4512793
17110,4515008
17120,4517220
17130,4519427
17140,4521630
17150,4523830
17160,4526025
17170,4528216
17180,4530402
17190,4532585
17200,4534764
17210,4536938
17220,4539108
17230,4541275
17240,4543437
17250,4545595
17260,4547748
17270,4549898
17280,4552043
17290,4554184
17300,4556321
17310,4558454
17320,4560582
17330,4562707
17340,4564827
17350,4566943
17360,4569054
17370,4571162
17380,4573265
17390,4575364
17400,4577459
17410,4579549
17420,4581635
17430,4583717
17440,4585795
17450,4587868
17460,4589937
17470,4592002
17480,4594062
17490,4596118
17500,4598170
17510,4600218
17520,4602261
17530,4604300
17540,4606334
17550,4608364
17560,4610390
17570,4612411
17580,4614428
17590,4616441
17600,4618449
17610,4620453
17620,4622453
17630,4624448
17640,4626438
17650,4628425
17660,4630407
17670,4632384
17680,4634357
17690,4636326
17700,4638290
17710,4640249
17720,4642205
17730,4644155
17740,4646102
17750,4648044
17760,4649981
17770,4651914
17780,4653842
17790,4655766
17800,4657685
17810,4659600
17820,4661510
17830,4663416
17840,4665318
17850,4667214
17860,4669106
17870,4670994
17880,4672877
17890,4674756
17900,4676630
17910,4678499
17920,4680364
17930,4682224
17940,4684080
17950,4685931
17960,4687777
17970,4689619
17980,4691456
17990,4693288
18000,4695116
18010,4696940
18020,4698758
18030,4700572
18040,4702382
18050,4704186
18060,4705986
18070,4707782
18080,4709572
18090,4711358
18100,4713139
18110,4714916
18120,4716688
18130,4718455
18140,4720217
18150,4721975
18160,4723728
18170,4725476
18180,4727220
18190,4728958
18200,4730692
18210,4732422
18220,4734146
18230,4735866
18240,4737581
18250,4739291
18260,4740996
18270,4742696
18280,4744392
18290,4746083
18300,4747769
18310,4749450
18320,4751127
18330,4752798
18340,4754465
18350,4756127
18360,4757784
18370,4759436
18380,4761083
18390,4762726
18400,4764363
18410,4765996
18420,4767623
18430,4769246
18440,4770864
18450,4772477
18460,4774085
18470,4775688
18480,4777287
18490,4778880
18500,4780468
18510,4782052
18520,4783630
18530,4785203
18540,4786772
18550,4788335
18560,4789894
18570,4791447
18580,4792996
18590,4794540
18600,4796078
18610,4797612
18620,4799140
18630,4800664
18640,4802182
18650,4803695
18660,4805204
18670,4806707
18680,4808205
18690,4809698
18700,4811187
18710,4812670
18720,4814148
18730,4815620
18740,4817088
18750,4818551
18760,4820008
18770,4821461
18780,4822908
18790,4824350
18800,4825787
18810,4827219
18820,4828646
18830,4830068
18840,4831484
18850,4832895
18860,4834301
18870,4835702
18880,4837098
18890,4838489
18900,4839874
18910,4841254
18920,4842629
18930,4843999
18940,4845363
18950,4846723
18960,4848077
18970,4849426
18980,4850769
18990,4852107
19000,4853440
19010,4854768
19020,4856091
19030,4857408
19040,4858720
19050,4860027
19060,4861328
19070,4862624
19080,4863915
19090,4865200
19100,4866480
19110,4867755
19120,4869025
19130,4870289
19140,4871547
19150,4872801
19160,4874049
19170,4875291
19180,4876529
19190,4877761
19200,4878987
19210,4880208
19220,4881424
19230,4882635
19240,4883839
19250,4885039
19260,4886233
19270,4887422
19280,4888605
19290,4889783
19300,4890955
19310,4892122
19320,4893283
19330,4894439
19340,4895590
19350,4896735
19360,4897874
19370,4899008
19380,4900137
19390,4901260
19400,4902378
19410,4903490
19420,4904596
19430,4905697
19440,4906792
19450,4907882
19460,4908967
19470,4910045
19480,4911119
19490,4912186
19500,4913248
19510,4914305
19520,4915356
19530,4916401
19540,4917441
19550,4918475
19560,4919503
19570,4920526
19580,4921543
19590,4922555
19600,4923561
19610,4924561
19620,4925556
19630,4926545
19640,4927528
19650,4928506
19660,4929478
19670,4930445
19680,4931405
19690,4932360
19700,4933310
19710,4934253
19720,4935191
19730,4936123
19740,4937050
19750,4937970
19760,4938885
19770,4939794
19780,4940698
19790,4941596
19800,4942487
19810,4943374
19820,4944254
19830,4945129
19840,4945998
19850,4946861
19860,4947718
19870,4948569
19880,4949415
19890,4950255
19900,4951089
19910,4951917
19920,4952739
19930,4953556
19940,4954366
19950,4955171
19960,4955970
19970,4956763
19980,4957550
19990,4958331
