0,0
10,3
20,13
30,30
40,53
50,83
60,120
70,163
80,213
90,269
100,332
110,402
120,478
130,561
140,650
150,746
160,849
170,958
180,1074
190,1196
200,1325
210,1460
220,1602
230,1750
240,1905
250,2066
260,2234
270,2409
280,2590
290,2777
300,2971
310,3171
320,3378
330,3591
340,3811
350,4037
360,4270
370,4509
380,4755
390,5007
400,5265
410,5530
420,5801
430,6079
440,6363
450,6653
460,6950
470,7253
480,7562
490,7878
500,8200
510,8529
520,8864
530,9205
540,9553
550,9907
560,10267
570,10633
580,11006
590,11385
600,11771
610,12163
620,12561
630,12965
640,13375
650,13792
660,14215
670,14645
680,15080
690,15522
700,15970
710,16424
720,16885
730,17352
740,17825
750,18304
760,18789
770,19280
780,19778
790,20282
800,20792
810,21308
820,21831
830,22359
840,22894
850,23434
860,23981
870,24534
880,25093
890,25659
900,26230
910,26808
920,27391
930,27981
940,28576
950,29178
960,29786
970,30400
980,31020
990,31646
1000,32278
1010,32916
1020,33560
1030,34211
1040,34867
1050,35529
1060,36197
1070,36871
1080,37552
1090,38238
1100,38930
1110,39628
1120,40332
1130,41042
1140,41758
1150,42480
1160,43208
1170,43942
1180,44682
1190,45427
1200,46179
1210,46937
1220,47700
1230,48469
1240,49245
1250,50026
1260,50813
1270,51606
1280,52404
1290,53209
1300,54019
1310,54836
1320,55658
1330,56486
1340,57320
1350,58159
1360,59005
1370,59856
1380,60713
1390,61576
1400,62445
1410,63319
1420,64199
1430,65085
1440,65977
1450,66875
1460,67778
1470,68687
1480,69602
1490,70522
1500,71448
1510,72380
1520,73318
1530,74261
1540,75210
1550,76165
1560,77126
1570,78092
1580,79064
1590,80041
1600,81024
1610,82013
1620,83008
1630,84008
1640,85014
1650,86025
1660,87042
1670,88065
1680,89093
1690,90127
1700,91166
1710,92212
1720,93262
1730,94319
1740,95380
1750,96448
1760,97521
1770,98599
1780,99683
1790,100773
1800,101868
1810,102969
1820,104075
1830,105187
1840,106304
1850,107427
1860,108555
1870,109689
1880,110828
1890,111973
1900,113124
1910,114279
1920,115440
1930,116607
1940,117779
1950,118957
1960,120140
1970,121328
1980,122522
1990,123721
2000,124926
2010,126136
2020,127352
2030,128572
2040,129799
2050,131030
2060,132267
2070,133510
2080,134758
2090,136011
2100,137269
2110,138533
2120,139802
2130,141077
2140,142357
2150,143642
2160,144932
2170,146228
2180,147529
2190,148836
2200,150147
2210,151464
2220,152786
2230,154114
2240,155447
2250,156785
2260,158128
2270,159477
2280,160830
2290,162189
2300,163554
2310,164923
2320,166298
2330,167677
2340,169063
2350,170453
2360,171848
2370,173249
2380,174655
2390,176066
2400,177482
2410,178903
2420,180330
2430,181761
2440,183198
2450,184640
2460,186087
2470,187539
2480,188996
2490,190459
2500,191926
2510,193398
2520,194876
2530,196359
2540,197847
2550,199339
2560,200837
2570,202340
2580,203848
2590,205361
2600,206880
2610,208403
2620,209931
2630,211464
2640,213002
2650,214545
2660,216094
2670,217647
2680,219205
2690,220768
2700,222336
2710,223910
2720,225488
2730,227071
2740,228659
2750,230252
2760,231849
2770,233452
2780,235060
2790,236673
2800,238290
2810,239913
2820,241540
2830,243172
2840,244809
2850,246451
2860,248098
2870,249750
2880,251407
2890,253068
2900,254735
2910,256406
2920,258082
2930,259763
2940,261448
2950,263139
2960,264834
2970,266534
2980,268239
2990,269949
3000,271663
3010,273383
3020,275107
3030,276836
3040,278569
3050,280307
3060,282051
3070,283798
3080,285551
3090,287308
3100,289070
3110,290837
3120,292608
3130,294385
3140,296165
3150,297951
3160,299741
3170,301536
3180,303336
3190,305140
3200,306949
3210,308763
3220,310581
3230,312404
3240,314231
3250,316063
3260,317900
3270,319741
3280,321587
3290,323438
3300,325293
3310,327153
3320,329017
3330,330886
3340,332760
3350,334638
3360,336521
3370,338408
3380,340300
3390,342196
3400,344097
3410,346002
3420,347912
3430,349826
3440,351745
3450,353669
3460,355597
3470,357529
3480,359466
3490,361407
3500,363353
3510,365304
3520,367258
3530,369218
3540,371181
3550,373149
3560,375122
3570,377099
3580,379080
3590,381066
3600,383056
3610,385051
3620,387050
3630,389054
3640,391061
3650,393074
3660,395090
3670,397111
3680,399136
3690,401166
3700,403200
3710,405238
3720,407281
3730,409328
3740,411379
3750,413435
3760,415495
3770,417559
3780,419628
3790,421701
3800,423778
3810,425859
3820,427945
3830,430035
3840,432129
3850,434227
3860,436330
3870,438437
3880,440548
3890,442664
3900,444783
3910,446907
3920,449035
3930,451167
3940,453304
3950,455445
3960,457589
3970,459738
3980,461892
3990,464049
4000,466210
4010,468376
4020,470546
4030,472720
4040,474898
4050,477080
4060,479266
4070,481457
4080,483651
4090,485850
4100,488053
4110,490260
4120,492471
4130,494686
4140,496905
4150,499128
4160,501355
4170,503586
4180,505822
4190,508061
4200,510304
4210,512552
4220,514803
4230,517059
4240,519318
4250,521582
4260,523849
4270,526120
4280,528396
4290,530675
4300,532959
4310,535246
4320,537537
4330,539832
4340,542132
4350,544435
4360,546742
4370,549053
4380,551368
4390,553687
4400,556009
4410,558336
4420,560666
4430,563001
4440,565339
4450,567681
4460,570027
4470,572377
4480,574731
4490,577089
4500,579450
4510,581815
4520,584185
4530,586558
4540,588934
4550,591315
4560,593699
4570,596087
4580,598479
4590,600875
4600,603275
4610,605678
4620,608085
4630,610496
4640,612911
4650,615329
4660,617751
4670,620177
4680,622607
4690,625040
4700,627477
4710,629918
4720,632362
4730,634811
4740,637262
4750,639718
4760,642177
4770,644640
4780,647107
4790,649577
4800,652051
4810,654528
4820,657010
4830,659494
4840,661983
4850,664475
4860,666971
4870,669470
4880,671973
4890,674480
4900,676990
4910,679503
4920,682021
4930,684542
4940,687066
4950,689594
4960,692126
4970,694661
4980,697199
4990,699741
5000,702287
5010,704836
5020,707389
5030,709945
5040,712505
5050,715069
5060,717635
5070,720206
5080,722779
5090,725357
5100,727937
5110,730521
5120,733109
5130,735700
5140,738294
5150,740892
5160,743494
5170,746099
5180,748707
5190,751318
5200,753933
5210,756552
5220,759174
5230,761799
5240,764427
5250,767059
5260,769695
5270,772333
5280,774975
5290,777621
5300,780270
5310,782922
5320,785577
5330,788236
5340,790898
5350,793563
5360,796232
5370,798904
5380,801579
5390,804258
5400,806939
5410,809625
5420,812313
5430,815005
5440,817699
5450,820398
5460,823099
5470,825803
5480,828511
5490,831222
5500,833937
5510,836654
5520,839375
5530,842099
5540,844826
5550,847556
5560,850289
5570,853026
5580,855766
5590,858509
5600,861255
5610,864004
5620,866757
5630,869512
5640,872271
5650,875033
5660,877797
5670,880565
5680,883337
5690,886111
5700,888888
5710,891668
5720,894452
5730,897238
5740,900028
5750,902821
5760,905616
5770,908415
5780,911217
5790,914022
5800,916830
5810,919641
5820,922455
5830,925271
5840,928091
5850,930914
5860,933740
5870,936569
5880,939401
5890,942236
5900,945074
5910,947914
5920,950758
5930,953605
5940,956454
5950,959307
5960,962162
5970,965021
5980,967882
5990,970746
6000,973614
6010,976484
6020,979356
6030,982232
6040,985111
6050,987992
6060,990877
6070,993764
6080,996654
6090,999547
6100,1002443
6110,1005342
6120,1008243
6130,1011148
6140,1014055
6150,1016965
6160,1019877
6170,1022793
6180,1025711
6190,1028632
6200,1031556
6210,1034483
6220,1037412
6230,1040344
6240,1043279
6250,1046217
6260,1049157
6270,1052100
6280,1055046
6290,1057995
6300,1060946
6310,1063900
6320,1066857
6330,1069816
6340,1072778
6350,1075743
6360,1078711
6370,1081681
6380,1084654
6390,1087629
6400,1090607
6410,1093588
6420,1096571
6430,1099557
6440,1102546
6450,1105537
6460,1108531
6470,1111528
6480,1114527
6490,1117529
6500,1120533
6510,1123540
6520,1126549
6530,1129561
6540,1132576
6550,1135593
6560,1138613
6570,1141635
6580,1144660
6590,1147687
6600,1150717
6610,1153749
6620,1156784
6630,1159821
6640,1162861
6650,1165904
6660,1168948
6670,1171996
6680,1175046
6690,1178098
6700,1181153
6710,1184210
6720,1187269
6730,1190332
6740,1193396
6750,1196463
6760,1199532
6770,1202604
6780,1205679
6790,1208755
6800,1211834
6810,1214916
6820,1217999
6830,1221086
6840,1224174
6850,1227265
6860,1230358
6870,1233454
6880,1236552
6890,1239653
6900,1242755
6910,1245860
6920,1248968
6930,1252077
6940,1255189
6950,1258304
6960,1261420
6970,1264539
6980,1267660
6990,1270784
7000,1273910
7010,1277038
7020,1280168
7030,1283300
7040,1286435
7050,1289572
7060,1292711
7070,1295853
7080,1298997
7090,1302143
7100,1305291
7110,1308441
7120,1311594
7130,1314748
7140,1317905
7150,1321064
7160,1324226
7170,1327389
7180,1330555
7190,1333723
7200,1336892
7210,1340064
7220,1343239
7230,1346415
7240,1349594
7250,1352774
7260,1355957
7270,1359142
7280,1362328
7290,1365517
7300,1368709
7310,1371902
7320,1375097
7330,1378294
7340,1381494
7350,1384695
7360,1387898
7370,1391104
7380,1394312
7390,1397521
7400,1400733
7410,1403946
7420,1407162
7430,1410380
7440,1413599
7450,1416821
7460,1420044
7470,1423270
7480,1426498
7490,1429727
7500,1432959
7510,1436192
7520,1439427
7530,1442665
7540,1445904
7550,1449145
7560,1452388
7570,1455633
7580,1458880
7590,1462129
7600,1465380
7610,1468633
7620,1471887
7630,1475144
7640,1478402
7650,1481662
7660,1484924
7670,1488188
7680,1491454
7690,1494721
7700,1497991
7710,1501262
7720,1504535
7730,1507810
7740,1511087
7750,1514365
7760,1517645
7770,1520927
7780,1524211
7790,1527497
7800,1530784
7810,1534073
7820,1537364
7830,1540657
7840,1543952
7850,1547248
7860,1550546
7870,1553845
7880,1557147
7890,1560450
7900,1563755
7910,1567061
7920,1570369
7930,1573679
7940,1576991
7950,1580304
7960,1583619
7970,1586935
7980,1590254
7990,1593574
8000,1596895
8010,1600218
8020,1603543
8030,1606870
8040,1610198
8050,1613527
8060,1616859
8070,1620192
8080,1623526
8090,1626862
8100,1630200
8110,1633539
8120,1636880
8130,1640222
8140,1643566
8150,1646912
8160,1650259
8170,1653607
8180,1656958
8190,1660309
8200,1663662
8210,1667017
8220,1670373
8230,1673731
8240,1677090
8250,1680451
8260,1683813
8270,1687177
8280,1690542
8290,1693908
8300,1697276
8310,1700646
8320,1704017
8330,1707389
8340,1710763
8350,1714138
8360,1717515
8370,1720893
8380,1724273
8390,1727653
8400,1731036
8410,1734419
8420,1737805
8430,1741191
8440,1744579
8450,1747968
8460,1751358
8470,1754750
8480,1758144
8490,1761538
8500,1764934
8510,1768331
8520,1771730
8530,1775130
8540,1778531
8550,1781933
8560,1785337
8570,1788742
8580,1792149
8590,1795556
8600,1798965
8610,1802375
8620,1805787
8630,1809199
8640,1812613
8650,1816028
8660,1819445
8670,1822862
8680,1826281
8690,1829701
8700,1833122
8710,1836545
8720,1839969
8730,1843393
8740,1846819
8750,1850247
8760,1853675
8770,1857105
8780,1860535
8790,1863967
8800,1867400
8810,1870834
8820,1874269
8830,1877706
8840,1881143
8850,1884582
8860,1888022
8870,1891462
8880,1894904
8890,1898347
8900,1901791
8910,1905237
8920,1908683
8930,1912130
8940,1915578
8950,1919028
8960,1922478
8970,1925930
8980,1929382
8990,1932836
9000,1936290
9010,1939746
9020,1943203
9030,1946660
9040,1950119
9050,1953578
9060,1957039
9070,1960500
9080,1963963
9090,1967426
9100,1970891
9110,1974356
9120,1977822
9130,1981290
9140,1984758
9150,1988227
9160,1991697
9170,1995168
9180,1998640
9190,2002112
9200,2005586
9210,2009061
9220,2012536
9230,2016012
9240,2019489
9250,2022967
9260,2026446
9270,2029926
9280,2033406
9290,2036888
9300,2040370
9310,2043853
9320,2047337
9330,2050822
9340,2054307
9350,2057793
9360,2061280
9370,2064768
9380,2068257
9390,2071746
9400,2075237
9410,2078727
9420,2082219
9430,2085712
9440,2089205
9450,2092699
9460,2096193
9470,2099689
9480,2103185
9490,2106682
9500,2110179
9510,2113677
9520,2117176
9530,2120676
9540,2124176
9550,2127677
9560,2131179
9570,2134681
9580,2138184
9590,2141688
9600,2145192
9610,2148697
9620,2152202
9630,2155708
9640,2159215
9650,2162722
9660,2166230
9670,2169739
9680,2173248
9690,2176758
9700,2180268
9710,2183779
9720,2187290
9730,2190802
9740,2194315
9750,2197828
9760,2201342
9770,2204856
9780,2208370
9790,2211886
9800,2215401
9810,2218918
9820,2222434
9830,2225952
9840,2229469
9850,2232988
9860,2236506
9870,2240026
9880,2243545
9890,2247065
9900,2250586
9910,2254107
9920,2257628
9930,2261150
9940,2264673
9950,2268195
9960,2271719
9970,2275242
9980,2278766
9990,2282291
10000,2285815
10010,2289340
10020,2292866
10030,2296392
10040,2299918
10050,2303445
10060,2306972
10070,2310499
10080,2314027
10090,2317555
10100,2321083
10110,2324612
10120,2328141
10130,2331670
10140,2335200
10150,2338730
10160,2342260
10170,2345790
10180,2349321
10190,2352852
10200,2356383
10210,2359915
10220,2363447
10230,2366979
10240,2370511
10250,2374043
10260,2377576
10270,2381109
10280,2384642
10290,2388176
10300,2391709
10310,2395243
10320,2398777
10330,2402311
10340,2405845
10350,2409380
10360,2412915
10370,2416449
10380,2419984
10390,2423520
10400,2427055
10410,2430590
10420,2434126
10430,2437661
10440,2441197
10450,2444733
10460,2448269
10470,2451805
10480,2455341
10490,2458878
10500,2462414
10510,2465950
10520,2469487
10530,2473023
10540,2476560
10550,2480096
10560,2483633
10570,2487170
10580,2490707
10590,2494243
10600,2497780
10610,2501317
10620,2504854
10630,2508390
10640,2511927
10650,2515464
10660,2519000
10670,2522537
10680,2526074
10690,2529610
10700,2533147
10710,2536683
10720,2540220
10730,2543756
10740,2547293
10750,2550829
10760,2554365
10770,2557901
10780,2561437
10790,2564973
10800,2568508
10810,2572044
10820,2575580
10830,2579115
10840,2582650
10850,2586185
10860,2589720
10870,2593255
10880,2596789
10890,2600324
10900,2603858
10910,2607392
10920,2610926
10930,2614460
10940,2617993
10950,2621527
10960,2625060
10970,2628593
10980,2632125
10990,2635658
11000,2639190
11010,2642722
11020,2646254
11030,2649785
11040,2653316
11050,2656847
11060,2660378
11070,2663908
11080,2667438
11090,2670968
11100,2674497
11110,2678026
11120,2681555
11130,2685084
11140,2688612
11150,2692140
11160,2695667
11170,2699195
11180,2702721
11190,2706248
11200,2709774
11210,2713300
11220,2716825
11230,2720350
11240,2723875
11250,2727399
11260,2730923
11270,2734446
11280,2737969
11290,2741492
11300,2745014
11310,2748536
11320,2752057
11330,2755578
11340,2759098
11350,2762618
11360,2766138
11370,2769657
11380,2773175
11390,2776693
11400,2780211
11410,2783728
11420,2787245
11430,2790761
11440,2794276
11450,2797791
11460,2801306
11470,2804820
11480,2808333
11490,2811846
11500,2815358
11510,2818870
11520,2822381
11530,2825892
11540,2829402
11550,2832911
11560,2836420
11570,2839929
11580,2843436
11590,2846943
11600,2850450
11610,2853956
11620,2857461
11630,2860966
11640,2864470
11650,2867973
11660,2871476
11670,2874978
11680,2878479
11690,2881980
11700,2885480
11710,2888979
11720,2892478
11730,2895976
11740,2899473
11750,2902969
11760,2906465
11770,2909960
11780,2913455
11790,2916948
11800,2920441
11810,2923933
11820,2927425
11830,2930915
11840,2934405
11850,2937894
11860,2941383
11870,2944870
11880,2948357
11890,2951843
11900,2955328
11910,2958812
11920,2962296
11930,2965779
11940,2969260
11950,2972742
11960,2976222
11970,2979701
11980,2983180
11990,2986657
12000,2990134
12010,2993610
12020,2997085
12030,3000559
12040,3004032
12050,3007505
12060,3010976
12070,3014447
12080,3017917
12090,3021385
12100,3024853
12110,3028320
12120,3031786
12130,3035251
12140,3038715
12150,3042178
12160,3045640
12170,3049101
12180,3052561
12190,3056020
12200,3059479
12210,3062936
12220,3066392
12230,3069847
12240,3073301
12250,3076754
12260,3080207
12270,3083658
12280,3087108
12290,3090557
12300,3094005
12310,3097451
12320,3100897
12330,3104342
12340,3107786
12350,3111228
12360,3114670
12370,3118110
12380,3121549
12390,3124987
12400,3128425
12410,3131860
12420,3135295
12430,3138729
12440,3142161
12450,3145593
12460,3149023
12470,3152452
12480,3155880
12490,3159307
12500,3162732
12510,3166157
12520,3169580
12530,3173002
12540,3176423
12550,3179842
12560,3183260
12570,3186678
12580,3190093
12590,3193508
12600,3196922
12610,3200334
12620,3203745
12630,3207154
12640,3210563
12650,3213970
12660,3217376
12670,3220780
12680,3224183
12690,3227585
12700,3230986
12710,3234385
12720,3237783
12730,3241180
12740,3244575
12750,3247969
12760,3251362
12770,3254754
12780,3258144
12790,3261532
12800,3264919
12810,3268305
12820,3271690
12830,3275073
12840,3278455
12850,3281835
12860,3285214
12870,3288591
12880,3291968
12890,3295342
12900,3298715
12910,3302087
12920,3305458
12930,3308827
12940,3312194
12950,3315560
12960,3318925
12970,3322288
12980,3325649
12990,3329009
13000,3332368
13010,3335725
13020,3339081
13030,3342435
13040,3345787
13050,3349138
13060,3352488
13070,3355836
13080,3359182
13090,3362527
13100,3365870
13110,3369212
13120,3372552
13130,3375891
13140,3379228
13150,3382564
13160,3385897
13170,3389230
13180,3392560
13190,3395889
13200,3399217
13210,3402543
13220,3405867
13230,3409189
13240,3412510
13250,3415829
13260,3419147
13270,3422463
13280,3425777
13290,3429090
13300,3432401
13310,3435710
13320,3439017
13330,3442323
13340,3445627
13350,3448930
13360,3452230
13370,3455529
13380,3458827
13390,3462122
13400,3465416
13410,3468708
13420,3471998
13430,3475287
13440,3478573
13450,3481858
13460,3485141
13470,3488423
13480,3491702
13490,3494980
13500,3498256
13510,3501530
13520,3504802
13530,3508073
13540,3511342
13550,3514608
13560,3517873
13570,3521137
13580,3524398
13590,3527657
13600,3530915
13610,3534170
13620,3537424
13630,3540676
13640,3543926
13650,3547174
13660,3550420
13670,3553665
13680,3556907
13690,3560147
13700,3563386
13710,3566623
13720,3569857
13730,3573090
13740,3576321
13750,3579549
13760,3582776
13770,3586001
13780,3589224
13790,3592445
13800,3595663
13810,3598880
13820,3602095
13830,3605308
13840,3608519
13850,3611727
13860,3614934
13870,3618139
13880,3621341
13890,3624542
13900,3627741
13910,3630937
13920,3634131
13930,3637324
13940,3640514
13950,3643702
13960,3646888
13970,3650072
13980,3653254
13990,3656434
14000,3659611
14010,3662787
14020,3665960
14030,3669131
14040,3672301
14050,3675467
14060,3678632
14070,3681795
14080,3684955
14090,3688113
14100,3691269
14110,3694423
14120,3697575
14130,3700724
14140,3703872
14150,3707017
14160,3710160
14170,3713300
14180,3716439
14190,3719575
14200,3722709
14210,3725840
14220,3728970
14230,3732097
14240,3735222
14250,3738344
14260,3741464
14270,3744582
14280,3747698
14290,3750811
14300,3753922
14310,3757031
14320,3760138
14330,3763242
14340,3766344
14350,3769443
14360,3772540
14370,3775635
14380,3778727
14390,3781817
14400,3784905
14410,3787990
14420,3791073
14430,3794153
14440,3797231
14450,3800307
14460,3803380
14470,3806451
14480,3809520
14490,3812586
14500,3815649
14510,3818710
14520,3821769
14530,3824825
14540,3827879
14550,3830930
14560,3833979
14570,3837026
14580,3840069
14590,3843111
14600,3846150
14610,3849186
14620,3852220
14630,3855251
14640,3858280
14650,3861306
14660,3864330
14670,3867351
14680,3870370
14690,3873386
14700,3876400
14710,3879411
14720,3882419
14730,3885425
14740,3888428
14750,3891429
14760,3894427
14770,3897422
14780,3900415
14790,3903405
14800,3906393
14810,3909378
14820,3912360
14830,3915340
14840,3918317
14850,3921291
14860,3924263
14870,3927232
14880,3930199
14890,3933162
14900,3936123
14910,3939082
14920,3942037
14930,3944990
14940,3947940
14950,3950888
14960,3953833
14970,3956775
14980,3959714
14990,3962651
15000,3965585
15010,3968516
15020,3971444
15030,3974369
15040,3977292
15050,3980212
15060,3983129
15070,3986044
15080,3988955
15090,3991864
15100,3994770
15110,3997673
15120,4000574
15130,4003471
15140,4006366
15150,4009258
15160,4012147
15170,4015033
15180,4017916
15190,4020797
15200,4023674
15210,4026549
15220,4029420
15230,4032289
15240,4035155
15250,4038018
15260,4040878
15270,4043736
15280,4046590
15290,4049441
15300,4052290
15310,4055135
15320,4057978
15330,4060817
15340,4063654
15350,4066488
15360,4069318
15370,4072146
15380,4074971
15390,4077793
15400,4080611
15410,4083427
15420,4086240
15430,4089049
15440,4091856
15450,4094660
15460,4097460
15470,4100258
15480,4103052
15490,4105844
15500,4108632
15510,4111417
15520,4114200
15530,4116979
15540,4119755
15550,4122528
15560,4125298
15570,4128065
15580,4130828
15590,4133589
15600,4136346
15610,4139100
15620,4141852
15630,4144600
15640,4147344
15650,4150086
15660,4152825
15670,4155560
15680,4158292
15690,4161021
15700,4163747
15710,4166469
15720,4169189
15730,4171905
15740,4174618
15750,4177328
15760,4180034
15770,4182738
15780,4185438
15790,4188135
15800,4190828
15810,4193518
15820,4196206
15830,4198889
15840,4201570
15850,4204247
15860,4206921
15870,4209592
15880,4212259
15890,4214923
15900,4217584
15910,4220241
15920,4222895
15930,4225546
15940,4228193
15950,4230837
15960,4233478
15970,4236115
15980,4238749
15990,4241380
16000,4244007
16010,4246631
16020,4249252
16030,4251869
16040,4254482
16050,4257093
16060,4259699
16070,4262303
16080,4264903
16090,4267499
16100,4270092
16110,4272682
16120,4275268
16130,4277851
16140,4280430
16150,4283006
16160,4285579
16170,4288147
16180,4290713
16190,4293275
16200,4295833
16210,4298388
16220,4300939
16230,4303487
16240,4306031
16250,4308572
16260,4311109
16270,4313643
16280,4316173
16290,4318700
16300,4321223
16310,4323742
16320,4326258
16330,4328770
16340,4331279
16350,4333784
16360,4336286
16370,4338784
16380,4341278
16390,4343769
16400,4346256
16410,4348739
16420,4351219
16430,4353695
16440,4356167
16450,4358636
16460,4361101
16470,4363563
16480,4366020
16490,4368474
16500,4370925
16510,4373371
16520,4375814
16530,4378254
16540,4380689
16550,4383121
16560,4385549
16570,4387974
16580,4390394
16590,4392811
16600,4395224
16610,4397634
16620,4400039
16630,4402441
16640,4404839
16650,4407233
16660,4409624
16670,4412011
16680,4414393
16690,4416773
16700,4419148
16710,4421519
16720,4423887
16730,4426251
16740,4428611
16750,4430967
16760,4433319
16770,4435667
16780,4438012
16790,4440352
16800,4442689
16810,4445022
16820,4447351
16830,4449676
16840,4451997
16850,4454314
16860,4456628
16870,4458937
16880,4461243
16890,4463544
16900,4465842
16910,4468135
16920,4470425
16930,4472711
16940,4474993
16950,4477270
16960,4479544
16970,4481814
16980,4484080
16990,4486342
17000,4488600
17010,4490853
17020,4493103
17030,4495349
17040,4497591
17050,4499829
17060,4502062
17070,4504292
17080,4506517
17090,4508739
17100,4510956
17110,4513170
17120,4515379
17130,4517584
17140,4519785
17150,4521982
17160,4524175
17170,4526364
17180,4528549
17190,4530729
17200,4532906
17210,4535078
17220,4537246
17230,4539410
17240,4541570
17250,4543726
17260,4545877
17270,4548025
17280,4550168
17290,4552307
17300,4554442
17310,4556572
17320,4558699
17330,4560821
17340,4562939
17350,4565052
17360,4567162
17370,4569267
17380,4571368
17390,4573465
17400,4575557
17410,4577646
17420,4579730
17430,4581809
17440,4583885
17450,4585956
17460,4588023
17470,4590085
17480,4592143
17490,4594197
17500,4596247
17510,4598292
17520,4600333
17530,4602370
17540,4604402
17550,4606430
17560,4608454
17570,4610473
17580,4612488
17590,4614498
17600,4616504
17610,4618506
17620,4620503
17630,4622496
17640,4624484
17650,4626468
17660,4628448
17670,4630423
17680,4632394
17690,4634360
17700,4636322
17710,4638280
17720,4640233
17730,4642181
17740,4644125
17750,4646065
17760,4648000
17770,4649931
17780,4651857
17790,4653778
17800,4655696
17810,4657608
17820,4659516
17830,4661420
17840,4663319
17850,4665213
17860,4667103
17870,4668989
17880,4670869
17890,4672746
17900,4674617
17910,4676485
17920,4678347
17930,4680205
17940,4682058
17950,4683907
17960,4685751
17970,4687591
17980,4689426
17990,4691256
18000,4693082
18010,4694903
18020,4696719
18030,4698531
18040,4700338
18050,4702140
18060,4703938
18070,4705731
18080,4707519
18090,4709303
18100,4711082
18110,4712856
18120,4714626
18130,4716391
18140,4718151
18150,4719906
18160,4721657
18170,4723403
18180,4725144
18190,4726881
18200,4728612
18210,4730339
18220,4732061
18230,4733779
18240,4735491
18250,4737199
18260,4738902
18270,4740600
18280,4742294
18290,4743982
18300,4745666
18310,4747345
18320,4749019
18330,4750688
18340,4752353
18350,4754012
18360,4755667
18370,4757317
18380,4758962
18390,4760602
18400,4762237
18410,4763867
18420,4765493
18430,4767113
18440,4768729
18450,4770339
18460,4771945
18470,4773546
18480,4775142
18490,4776733
18500,4778319
18510,4779900
18520,4781476
18530,4783047
18540,4784613
18550,4786174
18560,4787731
18570,4789282
18580,4790828
18590,4792369
18600,4793905
18610,4795437
18620,4796963
18630,4798484
18640,4800000
18650,4801511
18660,4803017
18670,4804518
18680,4806014
18690,4807505
18700,4808990
18710,4810471
18720,4811947
18730,4813417
18740,4814883
18750,4816343
18760,4817798
18770,4819248
18780,4820693
18790,4822133
18800,4823568
18810,4824997
18820,4826422
18830,4827841
18840,4829255
18850,4830664
18860,4832068
18870,4833466
18880,4834860
18890,4836248
18900,4837631
18910,4839009
18920,4840381
18930,4841748
18940,4843111
18950,4844467
18960,4845819
18970,4847166
18980,4848507
18990,4849843
19000,4851173
19010,4852499
19020,4853819
19030,4855134
19040,4856443
19050,4857748
19060,4859047
19070,4860340
19080,4861629
19090,4862912
19100,4864189
19110,4865462
19120,4866729
19130,4867990
19140,4869247
19150,4870498
19160,4871743
19170,4872984
19180,4874219
19190,4875448
19200,4876672
19210,4877891
19220,4879104
19230,4880312
19240,4881515
19250,4882712
19260,4883904
19270,4885090
19280,4886271
19290,4887446
19300,4888616
19310,4889780
19320,4890939
19330,4892093
19340,4893241
19350,4894384
19360,4895521
19370,4896652
19380,4897778
19390,4898899
19400,4900014
19410,4901124
19420,4902228
19430,4903326
19440,4904419
19450,4905507
19460,4906588
19470,4907665
19480,4908735
19490,4909801
19500,4910860
19510,4911914
19520,4912963
19530,4914006
19540,4915043
19550,4916075
19560,4917101
19570,4918121
19580,4919136
19590,4920145
19600,4921149
19610,4922146
19620,4923139
19630,4924125
19640,4925106
19650,4926081
19660,4927051
19670,4928015
19680,4928973
19690,4929926
19700,4930872
19710,4931813
19720,4932749
19730,4933678
19740,4934602
19750,4935521
19760,4936433
19770,4937340
19780,4938241
19790,4939136
19800,4940025
19810,4940909
19820,4941787
19830,4942659
19840,4943526
19850,4944386
19860,4945241
19870,4946090
19880,4946933
19890,4947770
19900,4948602
19910,4949427
19920,4950247
19930,4951061
19940,4951869
19950,4952671
19960,4953468
19970,4954258
19980,4955043
19990,4955822
